{"/data/data/com.termux/files/home/FullstackApp/FullStack_GenAi_Project/backend/src/app.js": {"path":"/data/data/com.termux/files/home/FullstackApp/FullStack_GenAi_Project/backend/src/app.js","statementMap":{"0":{"start":{"line":2,"column":16},"end":{"line":2,"column":34}},"1":{"start":{"line":3,"column":21},"end":{"line":3,"column":45}},"2":{"start":{"line":4,"column":15},"end":{"line":4,"column":32}},"3":{"start":{"line":5,"column":13},"end":{"line":5,"column":28}},"4":{"start":{"line":6,"column":17},"end":{"line":6,"column":36}},"5":{"start":{"line":7,"column":20},"end":{"line":7,"column":42}},"6":{"start":{"line":8,"column":15},"end":{"line":8,"column":32}},"7":{"start":{"line":11,"column":19},"end":{"line":11,"column":53}},"8":{"start":{"line":12,"column":24},"end":{"line":12,"column":56}},"9":{"start":{"line":13,"column":21},"end":{"line":13,"column":61}},"10":{"start":{"line":14,"column":22},"end":{"line":14,"column":65}},"11":{"start":{"line":17,"column":0},"end":{"line":17,"column":32}},"12":{"start":{"line":19,"column":12},"end":{"line":19,"column":21}},"13":{"start":{"line":23,"column":0},"end":{"line":23,"column":23}},"14":{"start":{"line":24,"column":0},"end":{"line":24,"column":18}},"15":{"start":{"line":25,"column":0},"end":{"line":25,"column":24}},"16":{"start":{"line":26,"column":0},"end":{"line":26,"column":24}},"17":{"start":{"line":27,"column":0},"end":{"line":27,"column":23}},"18":{"start":{"line":28,"column":0},"end":{"line":34,"column":2}},"19":{"start":{"line":37,"column":0},"end":{"line":37,"column":31}},"20":{"start":{"line":40,"column":0},"end":{"line":40,"column":33}},"21":{"start":{"line":41,"column":0},"end":{"line":41,"column":43}},"22":{"start":{"line":42,"column":0},"end":{"line":42,"column":41}},"23":{"start":{"line":44,"column":0},"end":{"line":46,"column":3}},"24":{"start":{"line":45,"column":4},"end":{"line":45,"column":63}},"25":{"start":{"line":48,"column":0},"end":{"line":48,"column":23}},"26":{"start":{"line":50,"column":0},"end":{"line":50,"column":21}}},"fnMap":{"0":{"name":"(anonymous_0)","decl":{"start":{"line":44,"column":8},"end":{"line":44,"column":9}},"loc":{"start":{"line":44,"column":22},"end":{"line":46,"column":1}},"line":44}},"branchMap":{"0":{"loc":{"start":{"line":30,"column":16},"end":{"line":30,"column":67}},"type":"binary-expr","locations":[{"start":{"line":30,"column":16},"end":{"line":30,"column":39}},{"start":{"line":30,"column":43},"end":{"line":30,"column":67}}],"line":30}},"s":{"0":3,"1":3,"2":3,"3":3,"4":3,"5":3,"6":3,"7":3,"8":3,"9":3,"10":3,"11":3,"12":3,"13":3,"14":3,"15":3,"16":3,"17":3,"18":3,"19":3,"20":3,"21":3,"22":3,"23":3,"24":2,"25":3,"26":3},"f":{"0":2},"b":{"0":[3,0]},"_coverageSchema":"1a1c01bbd47fc00a2c39e90264f33305004495a9","hash":"55ab34c3211c6c1b1fc542a5076a0e9930bd91ef"}
,"/data/data/com.termux/files/home/FullstackApp/FullStack_GenAi_Project/backend/src/__test__/setup/db.js": {"path":"/data/data/com.termux/files/home/FullstackApp/FullStack_GenAi_Project/backend/src/__test__/setup/db.js","statementMap":{"0":{"start":{"line":1,"column":0},"end":{"line":1,"column":27}},"1":{"start":{"line":2,"column":17},"end":{"line":2,"column":36}},"2":{"start":{"line":6,"column":17},"end":{"line":6,"column":113}},"3":{"start":{"line":8,"column":0},"end":{"line":11,"column":2}},"4":{"start":{"line":10,"column":4},"end":{"line":10,"column":37}},"5":{"start":{"line":13,"column":0},"end":{"line":19,"column":2}},"6":{"start":{"line":15,"column":4},"end":{"line":18,"column":5}},"7":{"start":{"line":16,"column":8},"end":{"line":16,"column":49}},"8":{"start":{"line":17,"column":8},"end":{"line":17,"column":42}},"9":{"start":{"line":21,"column":0},"end":{"line":30,"column":2}},"10":{"start":{"line":23,"column":4},"end":{"line":29,"column":5}},"11":{"start":{"line":24,"column":28},"end":{"line":24,"column":59}},"12":{"start":{"line":25,"column":8},"end":{"line":28,"column":9}},"13":{"start":{"line":26,"column":31},"end":{"line":26,"column":47}},"14":{"start":{"line":27,"column":12},"end":{"line":27,"column":42}}},"fnMap":{"0":{"name":"(anonymous_0)","decl":{"start":{"line":8,"column":25},"end":{"line":8,"column":26}},"loc":{"start":{"line":8,"column":37},"end":{"line":11,"column":1}},"line":8},"1":{"name":"(anonymous_1)","decl":{"start":{"line":13,"column":31},"end":{"line":13,"column":32}},"loc":{"start":{"line":13,"column":43},"end":{"line":19,"column":1}},"line":13},"2":{"name":"(anonymous_2)","decl":{"start":{"line":21,"column":31},"end":{"line":21,"column":32}},"loc":{"start":{"line":21,"column":43},"end":{"line":30,"column":1}},"line":21}},"branchMap":{"0":{"loc":{"start":{"line":15,"column":4},"end":{"line":18,"column":5}},"type":"if","locations":[{"start":{"line":15,"column":4},"end":{"line":18,"column":5}},{"start":{},"end":{}}],"line":15},"1":{"loc":{"start":{"line":23,"column":4},"end":{"line":29,"column":5}},"type":"if","locations":[{"start":{"line":23,"column":4},"end":{"line":29,"column":5}},{"start":{},"end":{}}],"line":23}},"s":{"0":2,"1":2,"2":2,"3":2,"4":2,"5":2,"6":2,"7":2,"8":2,"9":2,"10":31,"11":31,"12":31,"13":93,"14":93},"f":{"0":2,"1":2,"2":31},"b":{"0":[2,0],"1":[31,0]},"_coverageSchema":"1a1c01bbd47fc00a2c39e90264f33305004495a9","hash":"a54aab4f444c904ce454a5be8349150f271adca8"}
,"/data/data/com.termux/files/home/FullstackApp/FullStack_GenAi_Project/backend/src/config/passport.js": {"path":"/data/data/com.termux/files/home/FullstackApp/FullStack_GenAi_Project/backend/src/config/passport.js","statementMap":{"0":{"start":{"line":1,"column":0},"end":{"line":1,"column":27}},"1":{"start":{"line":2,"column":17},"end":{"line":2,"column":36}},"2":{"start":{"line":3,"column":37},"end":{"line":3,"column":71}},"3":{"start":{"line":4,"column":18},"end":{"line":4,"column":51}},"4":{"start":{"line":6,"column":0},"end":{"line":61,"column":2}},"5":{"start":{"line":14,"column":12},"end":{"line":58,"column":13}},"6":{"start":{"line":17,"column":20},"end":{"line":17,"column":33}},"7":{"start":{"line":20,"column":27},"end":{"line":20,"column":69}},"8":{"start":{"line":22,"column":16},"end":{"line":25,"column":17}},"9":{"start":{"line":24,"column":20},"end":{"line":24,"column":44}},"10":{"start":{"line":28,"column":16},"end":{"line":28,"column":65}},"11":{"start":{"line":30,"column":16},"end":{"line":41,"column":17}},"12":{"start":{"line":32,"column":20},"end":{"line":32,"column":40}},"13":{"start":{"line":35,"column":20},"end":{"line":37,"column":21}},"14":{"start":{"line":36,"column":24},"end":{"line":36,"column":54}},"15":{"start":{"line":39,"column":20},"end":{"line":39,"column":38}},"16":{"start":{"line":40,"column":20},"end":{"line":40,"column":44}},"17":{"start":{"line":44,"column":32},"end":{"line":51,"column":18}},"18":{"start":{"line":54,"column":16},"end":{"line":54,"column":43}},"19":{"start":{"line":56,"column":16},"end":{"line":56,"column":70}},"20":{"start":{"line":57,"column":16},"end":{"line":57,"column":41}}},"fnMap":{"0":{"name":"(anonymous_0)","decl":{"start":{"line":13,"column":8},"end":{"line":13,"column":9}},"loc":{"start":{"line":13,"column":60},"end":{"line":59,"column":9}},"line":13}},"branchMap":{"0":{"loc":{"start":{"line":22,"column":16},"end":{"line":25,"column":17}},"type":"if","locations":[{"start":{"line":22,"column":16},"end":{"line":25,"column":17}},{"start":{},"end":{}}],"line":22},"1":{"loc":{"start":{"line":30,"column":16},"end":{"line":41,"column":17}},"type":"if","locations":[{"start":{"line":30,"column":16},"end":{"line":41,"column":17}},{"start":{},"end":{}}],"line":30},"2":{"loc":{"start":{"line":35,"column":20},"end":{"line":37,"column":21}},"type":"if","locations":[{"start":{"line":35,"column":20},"end":{"line":37,"column":21}},{"start":{},"end":{}}],"line":35},"3":{"loc":{"start":{"line":35,"column":24},"end":{"line":35,"column":55}},"type":"binary-expr","locations":[{"start":{"line":35,"column":24},"end":{"line":35,"column":44}},{"start":{"line":35,"column":48},"end":{"line":35,"column":55}}],"line":35},"4":{"loc":{"start":{"line":45,"column":31},"end":{"line":45,"column":53}},"type":"binary-expr","locations":[{"start":{"line":45,"column":31},"end":{"line":45,"column":41}},{"start":{"line":45,"column":45},"end":{"line":45,"column":53}}],"line":45},"5":{"loc":{"start":{"line":46,"column":30},"end":{"line":46,"column":51}},"type":"binary-expr","locations":[{"start":{"line":46,"column":30},"end":{"line":46,"column":41}},{"start":{"line":46,"column":45},"end":{"line":46,"column":51}}],"line":46}},"s":{"0":4,"1":4,"2":4,"3":4,"4":4,"5":4,"6":4,"7":4,"8":3,"9":1,"10":2,"11":2,"12":1,"13":1,"14":1,"15":1,"16":1,"17":1,"18":1,"19":1,"20":1},"f":{"0":4},"b":{"0":[1,2],"1":[1,1],"2":[1,0],"3":[1,1],"4":[1,0],"5":[1,0]},"_coverageSchema":"1a1c01bbd47fc00a2c39e90264f33305004495a9","hash":"a6fa6887729e5cd3193d4d23b303a16d67a76beb"}
,"/data/data/com.termux/files/home/FullstackApp/FullStack_GenAi_Project/backend/src/controllers/auth.controller.js": {"path":"/data/data/com.termux/files/home/FullstackApp/FullStack_GenAi_Project/backend/src/controllers/auth.controller.js","statementMap":{"0":{"start":{"line":1,"column":15},"end":{"line":1,"column":34}},"1":{"start":{"line":2,"column":12},"end":{"line":2,"column":35}},"2":{"start":{"line":3,"column":15},"end":{"line":3,"column":39}},"3":{"start":{"line":4,"column":18},"end":{"line":4,"column":51}},"4":{"start":{"line":5,"column":23},"end":{"line":5,"column":61}},"5":{"start":{"line":6,"column":17},"end":{"line":6,"column":51}},"6":{"start":{"line":9,"column":4},"end":{"line":57,"column":5}},"7":{"start":{"line":10,"column":57},"end":{"line":10,"column":65}},"8":{"start":{"line":12,"column":8},"end":{"line":14,"column":9}},"9":{"start":{"line":13,"column":12},"end":{"line":13,"column":70}},"10":{"start":{"line":15,"column":29},"end":{"line":15,"column":69}},"11":{"start":{"line":17,"column":8},"end":{"line":19,"column":9}},"12":{"start":{"line":18,"column":12},"end":{"line":18,"column":66}},"13":{"start":{"line":20,"column":29},"end":{"line":20,"column":60}},"14":{"start":{"line":22,"column":21},"end":{"line":27,"column":10}},"15":{"start":{"line":28,"column":8},"end":{"line":30,"column":9}},"16":{"start":{"line":29,"column":12},"end":{"line":29,"column":69}},"17":{"start":{"line":31,"column":8},"end":{"line":31,"column":34}},"18":{"start":{"line":33,"column":22},"end":{"line":40,"column":9}},"19":{"start":{"line":42,"column":8},"end":{"line":45,"column":11}},"20":{"start":{"line":46,"column":8},"end":{"line":54,"column":11}},"21":{"start":{"line":56,"column":8},"end":{"line":56,"column":52}},"22":{"start":{"line":61,"column":32},"end":{"line":61,"column":40}},"23":{"start":{"line":63,"column":4},"end":{"line":65,"column":5}},"24":{"start":{"line":64,"column":8},"end":{"line":64,"column":66}},"25":{"start":{"line":66,"column":4},"end":{"line":117,"column":5}},"26":{"start":{"line":67,"column":25},"end":{"line":67,"column":79}},"27":{"start":{"line":69,"column":8},"end":{"line":71,"column":9}},"28":{"start":{"line":70,"column":12},"end":{"line":70,"column":76}},"29":{"start":{"line":72,"column":8},"end":{"line":79,"column":9}},"30":{"start":{"line":73,"column":12},"end":{"line":78,"column":14}},"31":{"start":{"line":80,"column":32},"end":{"line":83,"column":9}},"32":{"start":{"line":85,"column":8},"end":{"line":87,"column":9}},"33":{"start":{"line":86,"column":12},"end":{"line":86,"column":63}},"34":{"start":{"line":89,"column":8},"end":{"line":89,"column":38}},"35":{"start":{"line":91,"column":22},"end":{"line":98,"column":9}},"36":{"start":{"line":100,"column":8},"end":{"line":103,"column":11}},"37":{"start":{"line":106,"column":8},"end":{"line":114,"column":11}},"38":{"start":{"line":116,"column":8},"end":{"line":116,"column":52}},"39":{"start":{"line":121,"column":2},"end":{"line":148,"column":3}},"40":{"start":{"line":123,"column":19},"end":{"line":123,"column":30}},"41":{"start":{"line":125,"column":4},"end":{"line":127,"column":5}},"42":{"start":{"line":126,"column":8},"end":{"line":126,"column":57}},"43":{"start":{"line":129,"column":21},"end":{"line":131,"column":28}},"44":{"start":{"line":133,"column":4},"end":{"line":135,"column":5}},"45":{"start":{"line":134,"column":8},"end":{"line":134,"column":57}},"46":{"start":{"line":137,"column":4},"end":{"line":145,"column":7}},"47":{"start":{"line":147,"column":4},"end":{"line":147,"column":48}},"48":{"start":{"line":153,"column":2},"end":{"line":164,"column":3}},"49":{"start":{"line":154,"column":18},"end":{"line":154,"column":35}},"50":{"start":{"line":155,"column":4},"end":{"line":155,"column":43}},"51":{"start":{"line":156,"column":4},"end":{"line":156,"column":40}},"52":{"start":{"line":157,"column":4},"end":{"line":160,"column":7}},"53":{"start":{"line":162,"column":4},"end":{"line":162,"column":48}},"54":{"start":{"line":167,"column":0},"end":{"line":172,"column":2}}},"fnMap":{"0":{"name":"register_controller","decl":{"start":{"line":8,"column":15},"end":{"line":8,"column":34}},"loc":{"start":{"line":8,"column":51},"end":{"line":58,"column":1}},"line":8},"1":{"name":"login_controller","decl":{"start":{"line":60,"column":15},"end":{"line":60,"column":31}},"loc":{"start":{"line":60,"column":48},"end":{"line":118,"column":1}},"line":60},"2":{"name":"getMe_controller","decl":{"start":{"line":120,"column":15},"end":{"line":120,"column":31}},"loc":{"start":{"line":120,"column":48},"end":{"line":149,"column":1}},"line":120},"3":{"name":"logout_controller","decl":{"start":{"line":151,"column":15},"end":{"line":151,"column":32}},"loc":{"start":{"line":151,"column":49},"end":{"line":165,"column":1}},"line":151}},"branchMap":{"0":{"loc":{"start":{"line":12,"column":8},"end":{"line":14,"column":9}},"type":"if","locations":[{"start":{"line":12,"column":8},"end":{"line":14,"column":9}},{"start":{},"end":{}}],"line":12},"1":{"loc":{"start":{"line":12,"column":12},"end":{"line":12,"column":58}},"type":"binary-expr","locations":[{"start":{"line":12,"column":12},"end":{"line":12,"column":22}},{"start":{"line":12,"column":26},"end":{"line":12,"column":35}},{"start":{"line":12,"column":39},"end":{"line":12,"column":45}},{"start":{"line":12,"column":49},"end":{"line":12,"column":58}}],"line":12},"2":{"loc":{"start":{"line":17,"column":8},"end":{"line":19,"column":9}},"type":"if","locations":[{"start":{"line":17,"column":8},"end":{"line":19,"column":9}},{"start":{},"end":{}}],"line":17},"3":{"loc":{"start":{"line":28,"column":8},"end":{"line":30,"column":9}},"type":"if","locations":[{"start":{"line":28,"column":8},"end":{"line":30,"column":9}},{"start":{},"end":{}}],"line":28},"4":{"loc":{"start":{"line":63,"column":4},"end":{"line":65,"column":5}},"type":"if","locations":[{"start":{"line":63,"column":4},"end":{"line":65,"column":5}},{"start":{},"end":{}}],"line":63},"5":{"loc":{"start":{"line":63,"column":8},"end":{"line":63,"column":27}},"type":"binary-expr","locations":[{"start":{"line":63,"column":8},"end":{"line":63,"column":14}},{"start":{"line":63,"column":18},"end":{"line":63,"column":27}}],"line":63},"6":{"loc":{"start":{"line":69,"column":8},"end":{"line":71,"column":9}},"type":"if","locations":[{"start":{"line":69,"column":8},"end":{"line":71,"column":9}},{"start":{},"end":{}}],"line":69},"7":{"loc":{"start":{"line":72,"column":8},"end":{"line":79,"column":9}},"type":"if","locations":[{"start":{"line":72,"column":8},"end":{"line":79,"column":9}},{"start":{},"end":{}}],"line":72},"8":{"loc":{"start":{"line":85,"column":8},"end":{"line":87,"column":9}},"type":"if","locations":[{"start":{"line":85,"column":8},"end":{"line":87,"column":9}},{"start":{},"end":{}}],"line":85},"9":{"loc":{"start":{"line":125,"column":4},"end":{"line":127,"column":5}},"type":"if","locations":[{"start":{"line":125,"column":4},"end":{"line":127,"column":5}},{"start":{},"end":{}}],"line":125},"10":{"loc":{"start":{"line":133,"column":4},"end":{"line":135,"column":5}},"type":"if","locations":[{"start":{"line":133,"column":4},"end":{"line":135,"column":5}},{"start":{},"end":{}}],"line":133}},"s":{"0":3,"1":3,"2":3,"3":3,"4":3,"5":3,"6":13,"7":13,"8":13,"9":1,"10":12,"11":12,"12":2,"13":10,"14":10,"15":9,"16":1,"17":8,"18":8,"19":8,"20":8,"21":1,"22":9,"23":9,"24":1,"25":8,"26":8,"27":7,"28":1,"29":6,"30":1,"31":5,"32":5,"33":1,"34":4,"35":4,"36":4,"37":4,"38":1,"39":4,"40":4,"41":4,"42":1,"43":3,"44":2,"45":1,"46":1,"47":1,"48":2,"49":2,"50":2,"51":1,"52":1,"53":1,"54":3},"f":{"0":13,"1":9,"2":4,"3":2},"b":{"0":[1,12],"1":[13,12,12,12],"2":[2,10],"3":[1,8],"4":[1,8],"5":[9,9],"6":[1,6],"7":[1,5],"8":[1,4],"9":[1,3],"10":[1,1]},"_coverageSchema":"1a1c01bbd47fc00a2c39e90264f33305004495a9","hash":"b534accb3e0d350e247de3fca0083e8786139f6a"}
,"/data/data/com.termux/files/home/FullstackApp/FullStack_GenAi_Project/backend/src/controllers/googleAuth.controller.js": {"path":"/data/data/com.termux/files/home/FullstackApp/FullStack_GenAi_Project/backend/src/controllers/googleAuth.controller.js","statementMap":{"0":{"start":{"line":1,"column":12},"end":{"line":1,"column":35}},"1":{"start":{"line":2,"column":17},"end":{"line":2,"column":51}},"2":{"start":{"line":4,"column":23},"end":{"line":42,"column":1}},"3":{"start":{"line":5,"column":4},"end":{"line":41,"column":5}},"4":{"start":{"line":7,"column":21},"end":{"line":7,"column":29}},"5":{"start":{"line":9,"column":8},"end":{"line":14,"column":9}},"6":{"start":{"line":11,"column":12},"end":{"line":13,"column":14}},"7":{"start":{"line":18,"column":22},"end":{"line":26,"column":9}},"8":{"start":{"line":29,"column":8},"end":{"line":34,"column":11}},"9":{"start":{"line":37,"column":8},"end":{"line":37,"column":53}},"10":{"start":{"line":39,"column":8},"end":{"line":39,"column":76}},"11":{"start":{"line":40,"column":8},"end":{"line":40,"column":69}},"12":{"start":{"line":44,"column":0},"end":{"line":44,"column":32}}},"fnMap":{"0":{"name":"(anonymous_0)","decl":{"start":{"line":4,"column":23},"end":{"line":4,"column":24}},"loc":{"start":{"line":4,"column":42},"end":{"line":42,"column":1}},"line":4}},"branchMap":{"0":{"loc":{"start":{"line":9,"column":8},"end":{"line":14,"column":9}},"type":"if","locations":[{"start":{"line":9,"column":8},"end":{"line":14,"column":9}},{"start":{},"end":{}}],"line":9}},"s":{"0":4,"1":4,"2":4,"3":3,"4":3,"5":3,"6":1,"7":2,"8":1,"9":1,"10":1,"11":1,"12":4},"f":{"0":3},"b":{"0":[1,2]},"_coverageSchema":"1a1c01bbd47fc00a2c39e90264f33305004495a9","hash":"6d0bd5f45c67ccae2a767fe4fed3c68a32e97e37"}
,"/data/data/com.termux/files/home/FullstackApp/FullStack_GenAi_Project/backend/src/controllers/interView.controller.js": {"path":"/data/data/com.termux/files/home/FullstackApp/FullStack_GenAi_Project/backend/src/controllers/interView.controller.js","statementMap":{"0":{"start":{"line":1,"column":21},"end":{"line":1,"column":41}},"1":{"start":{"line":2,"column":17},"end":{"line":2,"column":51}},"2":{"start":{"line":3,"column":29},"end":{"line":3,"column":73}},"3":{"start":{"line":7,"column":4},"end":{"line":7,"column":40}},"4":{"start":{"line":10,"column":4},"end":{"line":92,"column":5}},"5":{"start":{"line":12,"column":8},"end":{"line":14,"column":9}},"6":{"start":{"line":13,"column":12},"end":{"line":13,"column":77}},"7":{"start":{"line":19,"column":4},"end":{"line":36,"column":5}},"8":{"start":{"line":21,"column":27},"end":{"line":21,"column":53}},"9":{"start":{"line":24,"column":8},"end":{"line":28,"column":9}},"10":{"start":{"line":25,"column":12},"end":{"line":25,"column":31}},"11":{"start":{"line":27,"column":12},"end":{"line":27,"column":50}},"12":{"start":{"line":30,"column":8},"end":{"line":30,"column":45}},"13":{"start":{"line":34,"column":8},"end":{"line":34,"column":64}},"14":{"start":{"line":35,"column":8},"end":{"line":35,"column":51}},"15":{"start":{"line":39,"column":4},"end":{"line":41,"column":5}},"16":{"start":{"line":40,"column":8},"end":{"line":40,"column":77}},"17":{"start":{"line":57,"column":27},"end":{"line":57,"column":42}},"18":{"start":{"line":59,"column":52},"end":{"line":59,"column":60}},"19":{"start":{"line":61,"column":8},"end":{"line":63,"column":9}},"20":{"start":{"line":62,"column":12},"end":{"line":62,"column":74}},"21":{"start":{"line":65,"column":25},"end":{"line":69,"column":10}},"22":{"start":{"line":73,"column":32},"end":{"line":79,"column":10}},"23":{"start":{"line":81,"column":8},"end":{"line":83,"column":9}},"24":{"start":{"line":82,"column":12},"end":{"line":82,"column":68}},"25":{"start":{"line":85,"column":8},"end":{"line":89,"column":11}},"26":{"start":{"line":91,"column":8},"end":{"line":91,"column":52}},"27":{"start":{"line":96,"column":4},"end":{"line":117,"column":5}},"28":{"start":{"line":97,"column":32},"end":{"line":97,"column":42}},"29":{"start":{"line":99,"column":8},"end":{"line":101,"column":9}},"30":{"start":{"line":100,"column":12},"end":{"line":100,"column":59}},"31":{"start":{"line":102,"column":32},"end":{"line":104,"column":47}},"32":{"start":{"line":106,"column":8},"end":{"line":108,"column":9}},"33":{"start":{"line":107,"column":12},"end":{"line":107,"column":72}},"34":{"start":{"line":110,"column":8},"end":{"line":114,"column":11}},"35":{"start":{"line":116,"column":8},"end":{"line":116,"column":52}},"36":{"start":{"line":122,"column":4},"end":{"line":141,"column":5}},"37":{"start":{"line":124,"column":33},"end":{"line":128,"column":9}},"38":{"start":{"line":130,"column":8},"end":{"line":132,"column":9}},"39":{"start":{"line":131,"column":12},"end":{"line":131,"column":65}},"40":{"start":{"line":134,"column":8},"end":{"line":138,"column":11}},"41":{"start":{"line":140,"column":8},"end":{"line":140,"column":52}},"42":{"start":{"line":145,"column":4},"end":{"line":176,"column":5}},"43":{"start":{"line":146,"column":32},"end":{"line":146,"column":42}},"44":{"start":{"line":147,"column":8},"end":{"line":149,"column":9}},"45":{"start":{"line":148,"column":12},"end":{"line":148,"column":71}},"46":{"start":{"line":152,"column":12},"end":{"line":152,"column":60}},"47":{"start":{"line":154,"column":8},"end":{"line":156,"column":9}},"48":{"start":{"line":155,"column":12},"end":{"line":155,"column":75}},"49":{"start":{"line":158,"column":64},"end":{"line":158,"column":79}},"50":{"start":{"line":160,"column":25},"end":{"line":164,"column":9}},"51":{"start":{"line":166,"column":8},"end":{"line":168,"column":9}},"52":{"start":{"line":167,"column":12},"end":{"line":167,"column":57}},"53":{"start":{"line":170,"column":8},"end":{"line":173,"column":11}},"54":{"start":{"line":175,"column":8},"end":{"line":175,"column":52}},"55":{"start":{"line":179,"column":0},"end":{"line":184,"column":2}}},"fnMap":{"0":{"name":"interviewController","decl":{"start":{"line":9,"column":15},"end":{"line":9,"column":34}},"loc":{"start":{"line":9,"column":51},"end":{"line":93,"column":1}},"line":9},"1":{"name":"getInterviewByIdController","decl":{"start":{"line":95,"column":15},"end":{"line":95,"column":41}},"loc":{"start":{"line":95,"column":58},"end":{"line":118,"column":1}},"line":95},"2":{"name":"getAllInterviewReportsController","decl":{"start":{"line":120,"column":15},"end":{"line":120,"column":47}},"loc":{"start":{"line":120,"column":64},"end":{"line":142,"column":1}},"line":120},"3":{"name":"generateResumeHtmlController","decl":{"start":{"line":144,"column":15},"end":{"line":144,"column":43}},"loc":{"start":{"line":144,"column":60},"end":{"line":177,"column":1}},"line":144}},"branchMap":{"0":{"loc":{"start":{"line":12,"column":8},"end":{"line":14,"column":9}},"type":"if","locations":[{"start":{"line":12,"column":8},"end":{"line":14,"column":9}},{"start":{},"end":{}}],"line":12},"1":{"loc":{"start":{"line":19,"column":4},"end":{"line":36,"column":5}},"type":"if","locations":[{"start":{"line":19,"column":4},"end":{"line":36,"column":5}},{"start":{"line":32,"column":9},"end":{"line":36,"column":5}}],"line":19},"2":{"loc":{"start":{"line":24,"column":8},"end":{"line":28,"column":9}},"type":"if","locations":[{"start":{"line":24,"column":8},"end":{"line":28,"column":9}},{"start":{"line":26,"column":15},"end":{"line":28,"column":9}}],"line":24},"3":{"loc":{"start":{"line":39,"column":4},"end":{"line":41,"column":5}},"type":"if","locations":[{"start":{"line":39,"column":4},"end":{"line":41,"column":5}},{"start":{},"end":{}}],"line":39},"4":{"loc":{"start":{"line":39,"column":8},"end":{"line":39,"column":99}},"type":"binary-expr","locations":[{"start":{"line":39,"column":8},"end":{"line":39,"column":22}},{"start":{"line":39,"column":26},"end":{"line":39,"column":37}},{"start":{"line":39,"column":41},"end":{"line":39,"column":71}},{"start":{"line":39,"column":75},"end":{"line":39,"column":99}}],"line":39},"5":{"loc":{"start":{"line":61,"column":8},"end":{"line":63,"column":9}},"type":"if","locations":[{"start":{"line":61,"column":8},"end":{"line":63,"column":9}},{"start":{},"end":{}}],"line":61},"6":{"loc":{"start":{"line":81,"column":8},"end":{"line":83,"column":9}},"type":"if","locations":[{"start":{"line":81,"column":8},"end":{"line":83,"column":9}},{"start":{},"end":{}}],"line":81},"7":{"loc":{"start":{"line":99,"column":8},"end":{"line":101,"column":9}},"type":"if","locations":[{"start":{"line":99,"column":8},"end":{"line":101,"column":9}},{"start":{},"end":{}}],"line":99},"8":{"loc":{"start":{"line":106,"column":8},"end":{"line":108,"column":9}},"type":"if","locations":[{"start":{"line":106,"column":8},"end":{"line":108,"column":9}},{"start":{},"end":{}}],"line":106},"9":{"loc":{"start":{"line":130,"column":8},"end":{"line":132,"column":9}},"type":"if","locations":[{"start":{"line":130,"column":8},"end":{"line":132,"column":9}},{"start":{},"end":{}}],"line":130},"10":{"loc":{"start":{"line":147,"column":8},"end":{"line":149,"column":9}},"type":"if","locations":[{"start":{"line":147,"column":8},"end":{"line":149,"column":9}},{"start":{},"end":{}}],"line":147},"11":{"loc":{"start":{"line":154,"column":8},"end":{"line":156,"column":9}},"type":"if","locations":[{"start":{"line":154,"column":8},"end":{"line":156,"column":9}},{"start":{},"end":{}}],"line":154},"12":{"loc":{"start":{"line":166,"column":8},"end":{"line":168,"column":9}},"type":"if","locations":[{"start":{"line":166,"column":8},"end":{"line":168,"column":9}},{"start":{},"end":{}}],"line":166}},"s":{"0":4,"1":4,"2":4,"3":4,"4":7,"5":7,"6":1,"7":6,"8":5,"9":5,"10":1,"11":4,"12":5,"13":1,"14":1,"15":6,"16":1,"17":5,"18":5,"19":5,"20":2,"21":3,"22":3,"23":2,"24":1,"25":1,"26":1,"27":4,"28":4,"29":4,"30":1,"31":3,"32":2,"33":1,"34":1,"35":1,"36":3,"37":3,"38":2,"39":1,"40":1,"41":1,"42":5,"43":5,"44":5,"45":1,"46":4,"47":3,"48":1,"49":2,"50":2,"51":2,"52":1,"53":1,"54":1,"55":4},"f":{"0":7,"1":4,"2":3,"3":5},"b":{"0":[1,6],"1":[5,1],"2":[1,4],"3":[1,5],"4":[6,6,6,6],"5":[2,3],"6":[1,1],"7":[1,3],"8":[1,1],"9":[1,1],"10":[1,4],"11":[1,2],"12":[1,1]},"_coverageSchema":"1a1c01bbd47fc00a2c39e90264f33305004495a9","hash":"4745694d4b02c04ad80c00b78d4d7a29510ce593"}
,"/data/data/com.termux/files/home/FullstackApp/FullStack_GenAi_Project/backend/src/middleware/auth.middleware.js": {"path":"/data/data/com.termux/files/home/FullstackApp/FullStack_GenAi_Project/backend/src/middleware/auth.middleware.js","statementMap":{"0":{"start":{"line":1,"column":12},"end":{"line":1,"column":35}},"1":{"start":{"line":2,"column":23},"end":{"line":2,"column":61}},"2":{"start":{"line":3,"column":17},"end":{"line":3,"column":51}},"3":{"start":{"line":6,"column":18},"end":{"line":32,"column":1}},"4":{"start":{"line":7,"column":2},"end":{"line":31,"column":3}},"5":{"start":{"line":8,"column":20},"end":{"line":8,"column":31}},"6":{"start":{"line":12,"column":4},"end":{"line":14,"column":5}},"7":{"start":{"line":13,"column":6},"end":{"line":13,"column":53}},"8":{"start":{"line":15,"column":29},"end":{"line":15,"column":66}},"9":{"start":{"line":16,"column":4},"end":{"line":18,"column":5}},"10":{"start":{"line":17,"column":6},"end":{"line":17,"column":59}},"11":{"start":{"line":20,"column":19},"end":{"line":20,"column":65}},"12":{"start":{"line":22,"column":4},"end":{"line":24,"column":5}},"13":{"start":{"line":23,"column":6},"end":{"line":23,"column":54}},"14":{"start":{"line":25,"column":4},"end":{"line":25,"column":22}},"15":{"start":{"line":26,"column":4},"end":{"line":26,"column":11}},"16":{"start":{"line":29,"column":4},"end":{"line":29,"column":46}},"17":{"start":{"line":34,"column":0},"end":{"line":34,"column":27}}},"fnMap":{"0":{"name":"(anonymous_0)","decl":{"start":{"line":6,"column":18},"end":{"line":6,"column":19}},"loc":{"start":{"line":6,"column":42},"end":{"line":32,"column":1}},"line":6}},"branchMap":{"0":{"loc":{"start":{"line":12,"column":4},"end":{"line":14,"column":5}},"type":"if","locations":[{"start":{"line":12,"column":4},"end":{"line":14,"column":5}},{"start":{},"end":{}}],"line":12},"1":{"loc":{"start":{"line":16,"column":4},"end":{"line":18,"column":5}},"type":"if","locations":[{"start":{"line":16,"column":4},"end":{"line":18,"column":5}},{"start":{},"end":{}}],"line":16},"2":{"loc":{"start":{"line":22,"column":4},"end":{"line":24,"column":5}},"type":"if","locations":[{"start":{"line":22,"column":4},"end":{"line":24,"column":5}},{"start":{},"end":{}}],"line":22}},"s":{"0":4,"1":4,"2":4,"3":4,"4":23,"5":23,"6":23,"7":4,"8":19,"9":19,"10":1,"11":18,"12":17,"13":1,"14":16,"15":16,"16":1,"17":4},"f":{"0":23},"b":{"0":[4,19],"1":[1,18],"2":[1,16]},"_coverageSchema":"1a1c01bbd47fc00a2c39e90264f33305004495a9","hash":"39f6cdc2250f8f6721045447a151ef2f9285626b"}
,"/data/data/com.termux/files/home/FullstackApp/FullStack_GenAi_Project/backend/src/middleware/error.middleware.js": {"path":"/data/data/com.termux/files/home/FullstackApp/FullStack_GenAi_Project/backend/src/middleware/error.middleware.js","statementMap":{"0":{"start":{"line":3,"column":2},"end":{"line":3,"column":41}},"1":{"start":{"line":4,"column":2},"end":{"line":4,"column":54}},"2":{"start":{"line":6,"column":2},"end":{"line":10,"column":5}},"3":{"start":{"line":13,"column":0},"end":{"line":13,"column":31}}},"fnMap":{"0":{"name":"errMiddleware","decl":{"start":{"line":1,"column":10},"end":{"line":1,"column":23}},"loc":{"start":{"line":1,"column":42},"end":{"line":11,"column":1}},"line":1}},"branchMap":{"0":{"loc":{"start":{"line":3,"column":19},"end":{"line":3,"column":40}},"type":"binary-expr","locations":[{"start":{"line":3,"column":19},"end":{"line":3,"column":33}},{"start":{"line":3,"column":37},"end":{"line":3,"column":40}}],"line":3},"1":{"loc":{"start":{"line":4,"column":16},"end":{"line":4,"column":53}},"type":"binary-expr","locations":[{"start":{"line":4,"column":16},"end":{"line":4,"column":27}},{"start":{"line":4,"column":31},"end":{"line":4,"column":53}}],"line":4}},"s":{"0":25,"1":25,"2":25,"3":3},"f":{"0":25},"b":{"0":[25,0],"1":[25,0]},"_coverageSchema":"1a1c01bbd47fc00a2c39e90264f33305004495a9","hash":"a3aa0673a2c7867a63e58315677a0238d350895b"}
,"/data/data/com.termux/files/home/FullstackApp/FullStack_GenAi_Project/backend/src/middleware/file.middleware.js": {"path":"/data/data/com.termux/files/home/FullstackApp/FullStack_GenAi_Project/backend/src/middleware/file.middleware.js","statementMap":{"0":{"start":{"line":1,"column":15},"end":{"line":1,"column":32}},"1":{"start":{"line":4,"column":15},"end":{"line":9,"column":2}},"2":{"start":{"line":12,"column":0},"end":{"line":12,"column":24}}},"fnMap":{},"branchMap":{},"s":{"0":3,"1":3,"2":3},"f":{},"b":{},"_coverageSchema":"1a1c01bbd47fc00a2c39e90264f33305004495a9","hash":"e6030dabda08876d22d675919fc19bb9bea78215"}
,"/data/data/com.termux/files/home/FullstackApp/FullStack_GenAi_Project/backend/src/middleware/rateLimiter.middleware.js": {"path":"/data/data/com.termux/files/home/FullstackApp/FullStack_GenAi_Project/backend/src/middleware/rateLimiter.middleware.js","statementMap":{"0":{"start":{"line":1,"column":18},"end":{"line":1,"column":47}},"1":{"start":{"line":5,"column":20},"end":{"line":13,"column":2}},"2":{"start":{"line":17,"column":19},"end":{"line":25,"column":2}},"3":{"start":{"line":28,"column":0},"end":{"line":31,"column":2}}},"fnMap":{},"branchMap":{},"s":{"0":3,"1":3,"2":3,"3":3},"f":{},"b":{},"_coverageSchema":"1a1c01bbd47fc00a2c39e90264f33305004495a9","hash":"e746acde67584b2659527e87774a811497f1cb0e"}
,"/data/data/com.termux/files/home/FullstackApp/FullStack_GenAi_Project/backend/src/model/auth.model.js": {"path":"/data/data/com.termux/files/home/FullstackApp/FullStack_GenAi_Project/backend/src/model/auth.model.js","statementMap":{"0":{"start":{"line":1,"column":17},"end":{"line":1,"column":36}},"1":{"start":{"line":3,"column":19},"end":{"line":48,"column":1}},"2":{"start":{"line":43,"column":16},"end":{"line":43,"column":53}},"3":{"start":{"line":50,"column":18},"end":{"line":50,"column":66}},"4":{"start":{"line":52,"column":0},"end":{"line":52,"column":27}}},"fnMap":{"0":{"name":"(anonymous_0)","decl":{"start":{"line":42,"column":22},"end":{"line":42,"column":23}},"loc":{"start":{"line":42,"column":34},"end":{"line":44,"column":13}},"line":42}},"branchMap":{},"s":{"0":4,"1":4,"2":8,"3":4,"4":4},"f":{"0":8},"b":{},"_coverageSchema":"1a1c01bbd47fc00a2c39e90264f33305004495a9","hash":"568a7136cb007d665d06f53b7565c98b144cb426"}
,"/data/data/com.termux/files/home/FullstackApp/FullStack_GenAi_Project/backend/src/model/blacklist.model.js": {"path":"/data/data/com.termux/files/home/FullstackApp/FullStack_GenAi_Project/backend/src/model/blacklist.model.js","statementMap":{"0":{"start":{"line":1,"column":17},"end":{"line":1,"column":36}},"1":{"start":{"line":4,"column":29},"end":{"line":9,"column":20}},"2":{"start":{"line":11,"column":23},"end":{"line":11,"column":92}},"3":{"start":{"line":14,"column":0},"end":{"line":14,"column":32}}},"fnMap":{},"branchMap":{},"s":{"0":4,"1":4,"2":4,"3":4},"f":{},"b":{},"_coverageSchema":"1a1c01bbd47fc00a2c39e90264f33305004495a9","hash":"619fe6111a1201cfb8177b75acf64f044354df1f"}
,"/data/data/com.termux/files/home/FullstackApp/FullStack_GenAi_Project/backend/src/model/interViewReport.model.js": {"path":"/data/data/com.termux/files/home/FullstackApp/FullStack_GenAi_Project/backend/src/model/interViewReport.model.js","statementMap":{"0":{"start":{"line":1,"column":17},"end":{"line":1,"column":36}},"1":{"start":{"line":3,"column":0},"end":{"line":3,"column":34}},"2":{"start":{"line":6,"column":32},"end":{"line":19,"column":14}},"3":{"start":{"line":20,"column":32},"end":{"line":33,"column":14}},"4":{"start":{"line":34,"column":22},"end":{"line":43,"column":14}},"5":{"start":{"line":44,"column":30},"end":{"line":57,"column":14}},"6":{"start":{"line":60,"column":30},"end":{"line":101,"column":20}},"7":{"start":{"line":103,"column":29},"end":{"line":103,"column":89}},"8":{"start":{"line":107,"column":0},"end":{"line":107,"column":38}}},"fnMap":{},"branchMap":{},"s":{"0":4,"1":4,"2":4,"3":4,"4":4,"5":4,"6":4,"7":4,"8":4},"f":{},"b":{},"_coverageSchema":"1a1c01bbd47fc00a2c39e90264f33305004495a9","hash":"edac907e413c6bb69130c908a035c31dfee1a130"}
,"/data/data/com.termux/files/home/FullstackApp/FullStack_GenAi_Project/backend/src/routes/ai.routes.js": {"path":"/data/data/com.termux/files/home/FullstackApp/FullStack_GenAi_Project/backend/src/routes/ai.routes.js","statementMap":{"0":{"start":{"line":1,"column":16},"end":{"line":1,"column":34}},"1":{"start":{"line":2,"column":18},"end":{"line":2,"column":61}},"2":{"start":{"line":8,"column":4},"end":{"line":8,"column":53}},"3":{"start":{"line":9,"column":15},"end":{"line":9,"column":58}},"4":{"start":{"line":10,"column":23},"end":{"line":10,"column":73}},"5":{"start":{"line":12,"column":24},"end":{"line":12,"column":40}},"6":{"start":{"line":14,"column":0},"end":{"line":20,"column":2}},"7":{"start":{"line":21,"column":0},"end":{"line":26,"column":2}},"8":{"start":{"line":27,"column":0},"end":{"line":32,"column":2}},"9":{"start":{"line":33,"column":0},"end":{"line":38,"column":2}},"10":{"start":{"line":40,"column":0},"end":{"line":40,"column":33}}},"fnMap":{},"branchMap":{},"s":{"0":3,"1":3,"2":3,"3":3,"4":3,"5":3,"6":3,"7":3,"8":3,"9":3,"10":3},"f":{},"b":{},"_coverageSchema":"1a1c01bbd47fc00a2c39e90264f33305004495a9","hash":"ad5b26f9673db01510c7f3b622df1d13af06b110"}
,"/data/data/com.termux/files/home/FullstackApp/FullStack_GenAi_Project/backend/src/routes/auth.routes.js": {"path":"/data/data/com.termux/files/home/FullstackApp/FullStack_GenAi_Project/backend/src/routes/auth.routes.js","statementMap":{"0":{"start":{"line":1,"column":16},"end":{"line":1,"column":34}},"1":{"start":{"line":3,"column":23},"end":{"line":3,"column":67}},"2":{"start":{"line":4,"column":18},"end":{"line":4,"column":61}},"3":{"start":{"line":5,"column":22},"end":{"line":5,"column":72}},"4":{"start":{"line":8,"column":15},"end":{"line":8,"column":31}},"5":{"start":{"line":11,"column":0},"end":{"line":11,"column":71}},"6":{"start":{"line":12,"column":0},"end":{"line":12,"column":65}},"7":{"start":{"line":13,"column":0},"end":{"line":13,"column":62}},"8":{"start":{"line":14,"column":0},"end":{"line":14,"column":64}},"9":{"start":{"line":16,"column":0},"end":{"line":16,"column":24}}},"fnMap":{},"branchMap":{},"s":{"0":3,"1":3,"2":3,"3":3,"4":3,"5":3,"6":3,"7":3,"8":3,"9":3},"f":{},"b":{},"_coverageSchema":"1a1c01bbd47fc00a2c39e90264f33305004495a9","hash":"7afa97db21ae3f23f2a960eb0f7ac637569de6c5"}
,"/data/data/com.termux/files/home/FullstackApp/FullStack_GenAi_Project/backend/src/routes/googleAuth.routes.js": {"path":"/data/data/com.termux/files/home/FullstackApp/FullStack_GenAi_Project/backend/src/routes/googleAuth.routes.js","statementMap":{"0":{"start":{"line":1,"column":16},"end":{"line":1,"column":34}},"1":{"start":{"line":2,"column":17},"end":{"line":2,"column":36}},"2":{"start":{"line":3,"column":23},"end":{"line":3,"column":73}},"3":{"start":{"line":4,"column":22},"end":{"line":4,"column":72}},"4":{"start":{"line":8,"column":21},"end":{"line":8,"column":37}},"5":{"start":{"line":14,"column":0},"end":{"line":19,"column":2}},"6":{"start":{"line":25,"column":0},"end":{"line":33,"column":2}},"7":{"start":{"line":35,"column":0},"end":{"line":35,"column":30}}},"fnMap":{},"branchMap":{},"s":{"0":3,"1":3,"2":3,"3":3,"4":3,"5":3,"6":3,"7":3},"f":{},"b":{},"_coverageSchema":"1a1c01bbd47fc00a2c39e90264f33305004495a9","hash":"fcaff9a5f61fb66bf845022f00d1e2d2ec8e14cb"}
,"/data/data/com.termux/files/home/FullstackApp/FullStack_GenAi_Project/backend/src/services/ai.service.js": {"path":"/data/data/com.termux/files/home/FullstackApp/FullStack_GenAi_Project/backend/src/services/ai.service.js","statementMap":{"0":{"start":{"line":1,"column":24},"end":{"line":1,"column":48}},"1":{"start":{"line":2,"column":14},"end":{"line":2,"column":28}},"2":{"start":{"line":3,"column":17},"end":{"line":3,"column":51}},"3":{"start":{"line":5,"column":30},"end":{"line":35,"column":2}},"4":{"start":{"line":37,"column":11},"end":{"line":37,"column":66}},"5":{"start":{"line":46,"column":19},"end":{"line":101,"column":1}},"6":{"start":{"line":103,"column":4},"end":{"line":173,"column":5}},"7":{"start":{"line":104,"column":25},"end":{"line":110,"column":10}},"8":{"start":{"line":112,"column":24},"end":{"line":115,"column":19}},"9":{"start":{"line":117,"column":27},"end":{"line":117,"column":46}},"10":{"start":{"line":120,"column":30},"end":{"line":160,"column":9}},"11":{"start":{"line":128,"column":22},"end":{"line":132,"column":17}},"12":{"start":{"line":136,"column":22},"end":{"line":140,"column":17}},"13":{"start":{"line":143,"column":62},"end":{"line":148,"column":13}},"14":{"start":{"line":151,"column":34},"end":{"line":158,"column":17}},"15":{"start":{"line":156,"column":50},"end":{"line":156,"column":59}},"16":{"start":{"line":162,"column":30},"end":{"line":162,"column":76}},"17":{"start":{"line":164,"column":8},"end":{"line":167,"column":9}},"18":{"start":{"line":165,"column":12},"end":{"line":165,"column":78}},"19":{"start":{"line":166,"column":12},"end":{"line":166,"column":61}},"20":{"start":{"line":169,"column":8},"end":{"line":169,"column":34}},"21":{"start":{"line":172,"column":8},"end":{"line":172,"column":18}},"22":{"start":{"line":177,"column":19},"end":{"line":272,"column":1}},"23":{"start":{"line":273,"column":4},"end":{"line":288,"column":5}},"24":{"start":{"line":274,"column":25},"end":{"line":277,"column":10}},"25":{"start":{"line":279,"column":19},"end":{"line":279,"column":37}},"26":{"start":{"line":280,"column":8},"end":{"line":283,"column":20}},"27":{"start":{"line":284,"column":8},"end":{"line":284,"column":20}},"28":{"start":{"line":286,"column":8},"end":{"line":286,"column":62}},"29":{"start":{"line":287,"column":8},"end":{"line":287,"column":58}},"30":{"start":{"line":291,"column":0},"end":{"line":291,"column":65}}},"fnMap":{"0":{"name":"GenerateInterviewReport","decl":{"start":{"line":39,"column":15},"end":{"line":39,"column":38}},"loc":{"start":{"line":43,"column":3},"end":{"line":174,"column":1}},"line":43},"1":{"name":"(anonymous_1)","decl":{"start":{"line":128,"column":16},"end":{"line":128,"column":17}},"loc":{"start":{"line":128,"column":22},"end":{"line":132,"column":17}},"line":128},"2":{"name":"(anonymous_2)","decl":{"start":{"line":136,"column":16},"end":{"line":136,"column":17}},"loc":{"start":{"line":136,"column":22},"end":{"line":140,"column":17}},"line":136},"3":{"name":"(anonymous_3)","decl":{"start":{"line":143,"column":56},"end":{"line":143,"column":57}},"loc":{"start":{"line":143,"column":62},"end":{"line":148,"column":13}},"line":143},"4":{"name":"(anonymous_4)","decl":{"start":{"line":151,"column":16},"end":{"line":151,"column":17}},"loc":{"start":{"line":151,"column":34},"end":{"line":158,"column":17}},"line":151},"5":{"name":"(anonymous_5)","decl":{"start":{"line":156,"column":45},"end":{"line":156,"column":46}},"loc":{"start":{"line":156,"column":50},"end":{"line":156,"column":59}},"line":156},"6":{"name":"generateResumeHTML","decl":{"start":{"line":176,"column":15},"end":{"line":176,"column":33}},"loc":{"start":{"line":176,"column":73},"end":{"line":289,"column":1}},"line":176}},"branchMap":{"0":{"loc":{"start":{"line":121,"column":19},"end":{"line":121,"column":79}},"type":"cond-expr","locations":[{"start":{"line":121,"column":58},"end":{"line":121,"column":74}},{"start":{"line":121,"column":77},"end":{"line":121,"column":79}}],"line":121},"1":{"loc":{"start":{"line":123,"column":16},"end":{"line":125,"column":24}},"type":"cond-expr","locations":[{"start":{"line":124,"column":22},"end":{"line":124,"column":43}},{"start":{"line":125,"column":22},"end":{"line":125,"column":24}}],"line":123},"2":{"loc":{"start":{"line":127,"column":33},"end":{"line":127,"column":68}},"type":"binary-expr","locations":[{"start":{"line":127,"column":33},"end":{"line":127,"column":62}},{"start":{"line":127,"column":66},"end":{"line":127,"column":68}}],"line":127},"3":{"loc":{"start":{"line":129,"column":30},"end":{"line":129,"column":46}},"type":"binary-expr","locations":[{"start":{"line":129,"column":30},"end":{"line":129,"column":40}},{"start":{"line":129,"column":44},"end":{"line":129,"column":46}}],"line":129},"4":{"loc":{"start":{"line":130,"column":31},"end":{"line":130,"column":76}},"type":"binary-expr","locations":[{"start":{"line":130,"column":31},"end":{"line":130,"column":42}},{"start":{"line":130,"column":46},"end":{"line":130,"column":76}}],"line":130},"5":{"loc":{"start":{"line":131,"column":28},"end":{"line":131,"column":74}},"type":"binary-expr","locations":[{"start":{"line":131,"column":28},"end":{"line":131,"column":36}},{"start":{"line":131,"column":40},"end":{"line":131,"column":74}}],"line":131},"6":{"loc":{"start":{"line":135,"column":34},"end":{"line":135,"column":70}},"type":"binary-expr","locations":[{"start":{"line":135,"column":34},"end":{"line":135,"column":64}},{"start":{"line":135,"column":68},"end":{"line":135,"column":70}}],"line":135},"7":{"loc":{"start":{"line":137,"column":30},"end":{"line":137,"column":46}},"type":"binary-expr","locations":[{"start":{"line":137,"column":30},"end":{"line":137,"column":40}},{"start":{"line":137,"column":44},"end":{"line":137,"column":46}}],"line":137},"8":{"loc":{"start":{"line":138,"column":31},"end":{"line":138,"column":77}},"type":"binary-expr","locations":[{"start":{"line":138,"column":31},"end":{"line":138,"column":42}},{"start":{"line":138,"column":46},"end":{"line":138,"column":77}}],"line":138},"9":{"loc":{"start":{"line":139,"column":28},"end":{"line":139,"column":74}},"type":"binary-expr","locations":[{"start":{"line":139,"column":28},"end":{"line":139,"column":36}},{"start":{"line":139,"column":40},"end":{"line":139,"column":74}}],"line":139},"10":{"loc":{"start":{"line":143,"column":24},"end":{"line":143,"column":50}},"type":"binary-expr","locations":[{"start":{"line":143,"column":24},"end":{"line":143,"column":44}},{"start":{"line":143,"column":48},"end":{"line":143,"column":50}}],"line":143},"11":{"loc":{"start":{"line":144,"column":23},"end":{"line":144,"column":36}},"type":"binary-expr","locations":[{"start":{"line":144,"column":23},"end":{"line":144,"column":30}},{"start":{"line":144,"column":34},"end":{"line":144,"column":36}}],"line":144},"12":{"loc":{"start":{"line":145,"column":26},"end":{"line":147,"column":30}},"type":"cond-expr","locations":[{"start":{"line":146,"column":22},"end":{"line":146,"column":32}},{"start":{"line":147,"column":22},"end":{"line":147,"column":30}}],"line":145},"13":{"loc":{"start":{"line":150,"column":30},"end":{"line":150,"column":62}},"type":"binary-expr","locations":[{"start":{"line":150,"column":30},"end":{"line":150,"column":56}},{"start":{"line":150,"column":60},"end":{"line":150,"column":62}}],"line":150},"14":{"loc":{"start":{"line":153,"column":27},"end":{"line":153,"column":54}},"type":"binary-expr","locations":[{"start":{"line":153,"column":27},"end":{"line":153,"column":37}},{"start":{"line":153,"column":41},"end":{"line":153,"column":54}}],"line":153},"15":{"loc":{"start":{"line":155,"column":24},"end":{"line":157,"column":53}},"type":"cond-expr","locations":[{"start":{"line":156,"column":30},"end":{"line":156,"column":60}},{"start":{"line":157,"column":30},"end":{"line":157,"column":53}}],"line":155},"16":{"loc":{"start":{"line":155,"column":24},"end":{"line":155,"column":74}},"type":"binary-expr","locations":[{"start":{"line":155,"column":24},"end":{"line":155,"column":49}},{"start":{"line":155,"column":53},"end":{"line":155,"column":74}}],"line":155},"17":{"loc":{"start":{"line":164,"column":8},"end":{"line":167,"column":9}},"type":"if","locations":[{"start":{"line":164,"column":8},"end":{"line":167,"column":9}},{"start":{},"end":{}}],"line":164}},"s":{"0":4,"1":4,"2":4,"3":4,"4":4,"5":6,"6":6,"7":6,"8":5,"9":5,"10":5,"11":2,"12":1,"13":1,"14":1,"15":1,"16":5,"17":5,"18":1,"19":1,"20":4,"21":2,"22":2,"23":2,"24":2,"25":1,"26":1,"27":1,"28":1,"29":1,"30":4},"f":{"0":6,"1":2,"2":1,"3":1,"4":1,"5":1,"6":2},"b":{"0":[0,5],"1":[3,2],"2":[5,3],"3":[2,0],"4":[2,1],"5":[2,1],"6":[5,4],"7":[1,0],"8":[1,1],"9":[1,1],"10":[5,4],"11":[1,0],"12":[0,1],"13":[5,4],"14":[1,0],"15":[1,0],"16":[1,1],"17":[1,4]},"_coverageSchema":"1a1c01bbd47fc00a2c39e90264f33305004495a9","hash":"876b52d0d0357e4665abf090fd832f2491685dd1"}
,"/data/data/com.termux/files/home/FullstackApp/FullStack_GenAi_Project/backend/src/utils/error.utils.js": {"path":"/data/data/com.termux/files/home/FullstackApp/FullStack_GenAi_Project/backend/src/utils/error.utils.js","statementMap":{"0":{"start":{"line":3,"column":4},"end":{"line":3,"column":19}},"1":{"start":{"line":4,"column":4},"end":{"line":4,"column":33}},"2":{"start":{"line":7,"column":4},"end":{"line":7,"column":51}},"3":{"start":{"line":11,"column":0},"end":{"line":11,"column":26}}},"fnMap":{"0":{"name":"(anonymous_0)","decl":{"start":{"line":2,"column":2},"end":{"line":2,"column":3}},"loc":{"start":{"line":2,"column":34},"end":{"line":8,"column":3}},"line":2}},"branchMap":{},"s":{"0":37,"1":37,"2":37,"3":7},"f":{"0":37},"b":{},"_coverageSchema":"1a1c01bbd47fc00a2c39e90264f33305004495a9","hash":"cf4a427e7367e5fd58d3de124fd1405dd966d139"}
}
