{"/data/data/com.termux/files/home/FullstackApp/FullStack_GenAi_Project/backend/src/app.js": {"path":"/data/data/com.termux/files/home/FullstackApp/FullStack_GenAi_Project/backend/src/app.js","statementMap":{"0":{"start":{"line":2,"column":16},"end":{"line":2,"column":34}},"1":{"start":{"line":3,"column":21},"end":{"line":3,"column":45}},"2":{"start":{"line":4,"column":15},"end":{"line":4,"column":32}},"3":{"start":{"line":5,"column":13},"end":{"line":5,"column":28}},"4":{"start":{"line":6,"column":17},"end":{"line":6,"column":36}},"5":{"start":{"line":7,"column":20},"end":{"line":7,"column":42}},"6":{"start":{"line":8,"column":15},"end":{"line":8,"column":32}},"7":{"start":{"line":11,"column":19},"end":{"line":11,"column":53}},"8":{"start":{"line":12,"column":24},"end":{"line":12,"column":56}},"9":{"start":{"line":13,"column":21},"end":{"line":13,"column":61}},"10":{"start":{"line":14,"column":22},"end":{"line":14,"column":65}},"11":{"start":{"line":17,"column":0},"end":{"line":17,"column":32}},"12":{"start":{"line":19,"column":12},"end":{"line":19,"column":21}},"13":{"start":{"line":23,"column":0},"end":{"line":23,"column":23}},"14":{"start":{"line":24,"column":0},"end":{"line":24,"column":18}},"15":{"start":{"line":25,"column":0},"end":{"line":25,"column":24}},"16":{"start":{"line":26,"column":0},"end":{"line":26,"column":24}},"17":{"start":{"line":27,"column":0},"end":{"line":27,"column":23}},"18":{"start":{"line":28,"column":0},"end":{"line":34,"column":2}},"19":{"start":{"line":37,"column":0},"end":{"line":37,"column":31}},"20":{"start":{"line":40,"column":0},"end":{"line":40,"column":33}},"21":{"start":{"line":41,"column":0},"end":{"line":41,"column":43}},"22":{"start":{"line":42,"column":0},"end":{"line":42,"column":41}},"23":{"start":{"line":44,"column":0},"end":{"line":46,"column":3}},"24":{"start":{"line":45,"column":4},"end":{"line":45,"column":63}},"25":{"start":{"line":48,"column":0},"end":{"line":48,"column":23}},"26":{"start":{"line":50,"column":0},"end":{"line":50,"column":21}}},"fnMap":{"0":{"name":"(anonymous_0)","decl":{"start":{"line":44,"column":8},"end":{"line":44,"column":9}},"loc":{"start":{"line":44,"column":22},"end":{"line":46,"column":1}},"line":44}},"branchMap":{"0":{"loc":{"start":{"line":30,"column":16},"end":{"line":30,"column":67}},"type":"binary-expr","locations":[{"start":{"line":30,"column":16},"end":{"line":30,"column":39}},{"start":{"line":30,"column":43},"end":{"line":30,"column":67}}],"line":30}},"s":{"0":2,"1":2,"2":2,"3":2,"4":2,"5":2,"6":2,"7":2,"8":2,"9":2,"10":2,"11":2,"12":2,"13":2,"14":2,"15":2,"16":2,"17":2,"18":2,"19":2,"20":2,"21":2,"22":2,"23":2,"24":0,"25":2,"26":2},"f":{"0":0},"b":{"0":[2,0]},"_coverageSchema":"1a1c01bbd47fc00a2c39e90264f33305004495a9","hash":"55ab34c3211c6c1b1fc542a5076a0e9930bd91ef"}
,"/data/data/com.termux/files/home/FullstackApp/FullStack_GenAi_Project/backend/src/__test__/setup/db.js": {"path":"/data/data/com.termux/files/home/FullstackApp/FullStack_GenAi_Project/backend/src/__test__/setup/db.js","statementMap":{"0":{"start":{"line":1,"column":0},"end":{"line":1,"column":27}},"1":{"start":{"line":2,"column":17},"end":{"line":2,"column":36}},"2":{"start":{"line":6,"column":17},"end":{"line":6,"column":113}},"3":{"start":{"line":8,"column":0},"end":{"line":11,"column":2}},"4":{"start":{"line":10,"column":4},"end":{"line":10,"column":37}},"5":{"start":{"line":13,"column":0},"end":{"line":19,"column":2}},"6":{"start":{"line":15,"column":4},"end":{"line":18,"column":5}},"7":{"start":{"line":16,"column":8},"end":{"line":16,"column":49}},"8":{"start":{"line":17,"column":8},"end":{"line":17,"column":42}},"9":{"start":{"line":21,"column":0},"end":{"line":30,"column":2}},"10":{"start":{"line":23,"column":4},"end":{"line":29,"column":5}},"11":{"start":{"line":24,"column":28},"end":{"line":24,"column":59}},"12":{"start":{"line":25,"column":8},"end":{"line":28,"column":9}},"13":{"start":{"line":26,"column":31},"end":{"line":26,"column":47}},"14":{"start":{"line":27,"column":12},"end":{"line":27,"column":42}}},"fnMap":{"0":{"name":"(anonymous_0)","decl":{"start":{"line":8,"column":25},"end":{"line":8,"column":26}},"loc":{"start":{"line":8,"column":37},"end":{"line":11,"column":1}},"line":8},"1":{"name":"(anonymous_1)","decl":{"start":{"line":13,"column":31},"end":{"line":13,"column":32}},"loc":{"start":{"line":13,"column":43},"end":{"line":19,"column":1}},"line":13},"2":{"name":"(anonymous_2)","decl":{"start":{"line":21,"column":31},"end":{"line":21,"column":32}},"loc":{"start":{"line":21,"column":43},"end":{"line":30,"column":1}},"line":21}},"branchMap":{"0":{"loc":{"start":{"line":15,"column":4},"end":{"line":18,"column":5}},"type":"if","locations":[{"start":{"line":15,"column":4},"end":{"line":18,"column":5}},{"start":{},"end":{}}],"line":15},"1":{"loc":{"start":{"line":23,"column":4},"end":{"line":29,"column":5}},"type":"if","locations":[{"start":{"line":23,"column":4},"end":{"line":29,"column":5}},{"start":{},"end":{}}],"line":23}},"s":{"0":2,"1":2,"2":2,"3":2,"4":2,"5":2,"6":2,"7":2,"8":2,"9":2,"10":5,"11":5,"12":5,"13":15,"14":15},"f":{"0":2,"1":2,"2":5},"b":{"0":[2,0],"1":[5,0]},"_coverageSchema":"1a1c01bbd47fc00a2c39e90264f33305004495a9","hash":"a54aab4f444c904ce454a5be8349150f271adca8"}
,"/data/data/com.termux/files/home/FullstackApp/FullStack_GenAi_Project/backend/src/config/passport.js": {"path":"/data/data/com.termux/files/home/FullstackApp/FullStack_GenAi_Project/backend/src/config/passport.js","statementMap":{"0":{"start":{"line":1,"column":0},"end":{"line":1,"column":27}},"1":{"start":{"line":2,"column":17},"end":{"line":2,"column":36}},"2":{"start":{"line":3,"column":37},"end":{"line":3,"column":71}},"3":{"start":{"line":4,"column":18},"end":{"line":4,"column":51}},"4":{"start":{"line":6,"column":0},"end":{"line":61,"column":2}},"5":{"start":{"line":14,"column":12},"end":{"line":58,"column":13}},"6":{"start":{"line":17,"column":20},"end":{"line":17,"column":33}},"7":{"start":{"line":20,"column":27},"end":{"line":20,"column":69}},"8":{"start":{"line":22,"column":16},"end":{"line":25,"column":17}},"9":{"start":{"line":24,"column":20},"end":{"line":24,"column":44}},"10":{"start":{"line":28,"column":16},"end":{"line":28,"column":65}},"11":{"start":{"line":30,"column":16},"end":{"line":41,"column":17}},"12":{"start":{"line":32,"column":20},"end":{"line":32,"column":40}},"13":{"start":{"line":35,"column":20},"end":{"line":37,"column":21}},"14":{"start":{"line":36,"column":24},"end":{"line":36,"column":54}},"15":{"start":{"line":39,"column":20},"end":{"line":39,"column":38}},"16":{"start":{"line":40,"column":20},"end":{"line":40,"column":44}},"17":{"start":{"line":44,"column":32},"end":{"line":51,"column":18}},"18":{"start":{"line":54,"column":16},"end":{"line":54,"column":43}},"19":{"start":{"line":56,"column":16},"end":{"line":56,"column":70}},"20":{"start":{"line":57,"column":16},"end":{"line":57,"column":41}}},"fnMap":{"0":{"name":"(anonymous_0)","decl":{"start":{"line":13,"column":8},"end":{"line":13,"column":9}},"loc":{"start":{"line":13,"column":60},"end":{"line":59,"column":9}},"line":13}},"branchMap":{"0":{"loc":{"start":{"line":22,"column":16},"end":{"line":25,"column":17}},"type":"if","locations":[{"start":{"line":22,"column":16},"end":{"line":25,"column":17}},{"start":{},"end":{}}],"line":22},"1":{"loc":{"start":{"line":30,"column":16},"end":{"line":41,"column":17}},"type":"if","locations":[{"start":{"line":30,"column":16},"end":{"line":41,"column":17}},{"start":{},"end":{}}],"line":30},"2":{"loc":{"start":{"line":35,"column":20},"end":{"line":37,"column":21}},"type":"if","locations":[{"start":{"line":35,"column":20},"end":{"line":37,"column":21}},{"start":{},"end":{}}],"line":35},"3":{"loc":{"start":{"line":35,"column":24},"end":{"line":35,"column":55}},"type":"binary-expr","locations":[{"start":{"line":35,"column":24},"end":{"line":35,"column":44}},{"start":{"line":35,"column":48},"end":{"line":35,"column":55}}],"line":35},"4":{"loc":{"start":{"line":45,"column":31},"end":{"line":45,"column":53}},"type":"binary-expr","locations":[{"start":{"line":45,"column":31},"end":{"line":45,"column":41}},{"start":{"line":45,"column":45},"end":{"line":45,"column":53}}],"line":45},"5":{"loc":{"start":{"line":46,"column":30},"end":{"line":46,"column":51}},"type":"binary-expr","locations":[{"start":{"line":46,"column":30},"end":{"line":46,"column":41}},{"start":{"line":46,"column":45},"end":{"line":46,"column":51}}],"line":46}},"s":{"0":2,"1":2,"2":2,"3":2,"4":2,"5":0,"6":0,"7":0,"8":0,"9":0,"10":0,"11":0,"12":0,"13":0,"14":0,"15":0,"16":0,"17":0,"18":0,"19":0,"20":0},"f":{"0":0},"b":{"0":[0,0],"1":[0,0],"2":[0,0],"3":[0,0],"4":[0,0],"5":[0,0]},"_coverageSchema":"1a1c01bbd47fc00a2c39e90264f33305004495a9","hash":"a6fa6887729e5cd3193d4d23b303a16d67a76beb"}
,"/data/data/com.termux/files/home/FullstackApp/FullStack_GenAi_Project/backend/src/controllers/auth.controller.js": {"path":"/data/data/com.termux/files/home/FullstackApp/FullStack_GenAi_Project/backend/src/controllers/auth.controller.js","statementMap":{"0":{"start":{"line":1,"column":15},"end":{"line":1,"column":34}},"1":{"start":{"line":2,"column":12},"end":{"line":2,"column":35}},"2":{"start":{"line":3,"column":15},"end":{"line":3,"column":39}},"3":{"start":{"line":4,"column":18},"end":{"line":4,"column":51}},"4":{"start":{"line":5,"column":23},"end":{"line":5,"column":61}},"5":{"start":{"line":6,"column":17},"end":{"line":6,"column":51}},"6":{"start":{"line":9,"column":4},"end":{"line":56,"column":5}},"7":{"start":{"line":10,"column":57},"end":{"line":10,"column":65}},"8":{"start":{"line":12,"column":8},"end":{"line":14,"column":9}},"9":{"start":{"line":13,"column":12},"end":{"line":13,"column":70}},"10":{"start":{"line":15,"column":29},"end":{"line":15,"column":63}},"11":{"start":{"line":16,"column":8},"end":{"line":18,"column":9}},"12":{"start":{"line":17,"column":12},"end":{"line":17,"column":66}},"13":{"start":{"line":19,"column":29},"end":{"line":19,"column":60}},"14":{"start":{"line":21,"column":21},"end":{"line":26,"column":10}},"15":{"start":{"line":27,"column":8},"end":{"line":29,"column":9}},"16":{"start":{"line":28,"column":12},"end":{"line":28,"column":69}},"17":{"start":{"line":30,"column":8},"end":{"line":30,"column":34}},"18":{"start":{"line":32,"column":22},"end":{"line":39,"column":9}},"19":{"start":{"line":41,"column":8},"end":{"line":44,"column":11}},"20":{"start":{"line":45,"column":8},"end":{"line":53,"column":11}},"21":{"start":{"line":55,"column":8},"end":{"line":55,"column":52}},"22":{"start":{"line":60,"column":32},"end":{"line":60,"column":40}},"23":{"start":{"line":62,"column":4},"end":{"line":64,"column":5}},"24":{"start":{"line":63,"column":8},"end":{"line":63,"column":66}},"25":{"start":{"line":65,"column":4},"end":{"line":116,"column":5}},"26":{"start":{"line":66,"column":25},"end":{"line":66,"column":79}},"27":{"start":{"line":68,"column":8},"end":{"line":70,"column":9}},"28":{"start":{"line":69,"column":12},"end":{"line":69,"column":76}},"29":{"start":{"line":71,"column":8},"end":{"line":78,"column":9}},"30":{"start":{"line":72,"column":12},"end":{"line":77,"column":14}},"31":{"start":{"line":79,"column":32},"end":{"line":82,"column":9}},"32":{"start":{"line":84,"column":8},"end":{"line":86,"column":9}},"33":{"start":{"line":85,"column":12},"end":{"line":85,"column":63}},"34":{"start":{"line":88,"column":8},"end":{"line":88,"column":38}},"35":{"start":{"line":90,"column":22},"end":{"line":97,"column":9}},"36":{"start":{"line":99,"column":8},"end":{"line":102,"column":11}},"37":{"start":{"line":105,"column":8},"end":{"line":113,"column":11}},"38":{"start":{"line":115,"column":8},"end":{"line":115,"column":52}},"39":{"start":{"line":120,"column":4},"end":{"line":122,"column":5}},"40":{"start":{"line":121,"column":8},"end":{"line":121,"column":57}},"41":{"start":{"line":123,"column":19},"end":{"line":123,"column":30}},"42":{"start":{"line":125,"column":4},"end":{"line":127,"column":5}},"43":{"start":{"line":126,"column":8},"end":{"line":126,"column":57}},"44":{"start":{"line":129,"column":21},"end":{"line":131,"column":28}},"45":{"start":{"line":133,"column":4},"end":{"line":135,"column":5}},"46":{"start":{"line":134,"column":8},"end":{"line":134,"column":57}},"47":{"start":{"line":137,"column":4},"end":{"line":145,"column":7}},"48":{"start":{"line":149,"column":18},"end":{"line":149,"column":35}},"49":{"start":{"line":150,"column":4},"end":{"line":152,"column":5}},"50":{"start":{"line":151,"column":8},"end":{"line":151,"column":47}},"51":{"start":{"line":153,"column":4},"end":{"line":153,"column":40}},"52":{"start":{"line":154,"column":4},"end":{"line":157,"column":7}},"53":{"start":{"line":160,"column":0},"end":{"line":165,"column":2}}},"fnMap":{"0":{"name":"register_controller","decl":{"start":{"line":8,"column":15},"end":{"line":8,"column":34}},"loc":{"start":{"line":8,"column":51},"end":{"line":57,"column":1}},"line":8},"1":{"name":"login_controller","decl":{"start":{"line":59,"column":15},"end":{"line":59,"column":31}},"loc":{"start":{"line":59,"column":48},"end":{"line":117,"column":1}},"line":59},"2":{"name":"getMe_controller","decl":{"start":{"line":119,"column":15},"end":{"line":119,"column":31}},"loc":{"start":{"line":119,"column":48},"end":{"line":146,"column":1}},"line":119},"3":{"name":"logout_controller","decl":{"start":{"line":148,"column":15},"end":{"line":148,"column":32}},"loc":{"start":{"line":148,"column":49},"end":{"line":158,"column":1}},"line":148}},"branchMap":{"0":{"loc":{"start":{"line":12,"column":8},"end":{"line":14,"column":9}},"type":"if","locations":[{"start":{"line":12,"column":8},"end":{"line":14,"column":9}},{"start":{},"end":{}}],"line":12},"1":{"loc":{"start":{"line":12,"column":12},"end":{"line":12,"column":58}},"type":"binary-expr","locations":[{"start":{"line":12,"column":12},"end":{"line":12,"column":22}},{"start":{"line":12,"column":26},"end":{"line":12,"column":35}},{"start":{"line":12,"column":39},"end":{"line":12,"column":45}},{"start":{"line":12,"column":49},"end":{"line":12,"column":58}}],"line":12},"2":{"loc":{"start":{"line":16,"column":8},"end":{"line":18,"column":9}},"type":"if","locations":[{"start":{"line":16,"column":8},"end":{"line":18,"column":9}},{"start":{},"end":{}}],"line":16},"3":{"loc":{"start":{"line":27,"column":8},"end":{"line":29,"column":9}},"type":"if","locations":[{"start":{"line":27,"column":8},"end":{"line":29,"column":9}},{"start":{},"end":{}}],"line":27},"4":{"loc":{"start":{"line":62,"column":4},"end":{"line":64,"column":5}},"type":"if","locations":[{"start":{"line":62,"column":4},"end":{"line":64,"column":5}},{"start":{},"end":{}}],"line":62},"5":{"loc":{"start":{"line":62,"column":8},"end":{"line":62,"column":27}},"type":"binary-expr","locations":[{"start":{"line":62,"column":8},"end":{"line":62,"column":14}},{"start":{"line":62,"column":18},"end":{"line":62,"column":27}}],"line":62},"6":{"loc":{"start":{"line":68,"column":8},"end":{"line":70,"column":9}},"type":"if","locations":[{"start":{"line":68,"column":8},"end":{"line":70,"column":9}},{"start":{},"end":{}}],"line":68},"7":{"loc":{"start":{"line":71,"column":8},"end":{"line":78,"column":9}},"type":"if","locations":[{"start":{"line":71,"column":8},"end":{"line":78,"column":9}},{"start":{},"end":{}}],"line":71},"8":{"loc":{"start":{"line":84,"column":8},"end":{"line":86,"column":9}},"type":"if","locations":[{"start":{"line":84,"column":8},"end":{"line":86,"column":9}},{"start":{},"end":{}}],"line":84},"9":{"loc":{"start":{"line":120,"column":4},"end":{"line":122,"column":5}},"type":"if","locations":[{"start":{"line":120,"column":4},"end":{"line":122,"column":5}},{"start":{},"end":{}}],"line":120},"10":{"loc":{"start":{"line":125,"column":4},"end":{"line":127,"column":5}},"type":"if","locations":[{"start":{"line":125,"column":4},"end":{"line":127,"column":5}},{"start":{},"end":{}}],"line":125},"11":{"loc":{"start":{"line":133,"column":4},"end":{"line":135,"column":5}},"type":"if","locations":[{"start":{"line":133,"column":4},"end":{"line":135,"column":5}},{"start":{},"end":{}}],"line":133},"12":{"loc":{"start":{"line":150,"column":4},"end":{"line":152,"column":5}},"type":"if","locations":[{"start":{"line":150,"column":4},"end":{"line":152,"column":5}},{"start":{},"end":{}}],"line":150}},"s":{"0":2,"1":2,"2":2,"3":2,"4":2,"5":2,"6":5,"7":5,"8":5,"9":2,"10":3,"11":3,"12":0,"13":3,"14":3,"15":3,"16":0,"17":3,"18":3,"19":3,"20":3,"21":0,"22":3,"23":3,"24":0,"25":3,"26":3,"27":3,"28":1,"29":2,"30":0,"31":2,"32":2,"33":0,"34":2,"35":2,"36":2,"37":2,"38":0,"39":0,"40":0,"41":0,"42":0,"43":0,"44":0,"45":0,"46":0,"47":0,"48":0,"49":0,"50":0,"51":0,"52":0,"53":2},"f":{"0":5,"1":3,"2":0,"3":0},"b":{"0":[2,3],"1":[5,3,3,3],"2":[0,3],"3":[0,3],"4":[0,3],"5":[3,3],"6":[1,2],"7":[0,2],"8":[0,2],"9":[0,0],"10":[0,0],"11":[0,0],"12":[0,0]},"_coverageSchema":"1a1c01bbd47fc00a2c39e90264f33305004495a9","hash":"5a428ebba367319e9b0dfe85fc3769206aab9a07"}
,"/data/data/com.termux/files/home/FullstackApp/FullStack_GenAi_Project/backend/src/controllers/googleAuth.controller.js": {"path":"/data/data/com.termux/files/home/FullstackApp/FullStack_GenAi_Project/backend/src/controllers/googleAuth.controller.js","statementMap":{"0":{"start":{"line":1,"column":12},"end":{"line":1,"column":35}},"1":{"start":{"line":2,"column":17},"end":{"line":2,"column":51}},"2":{"start":{"line":4,"column":23},"end":{"line":42,"column":1}},"3":{"start":{"line":5,"column":4},"end":{"line":41,"column":5}},"4":{"start":{"line":7,"column":21},"end":{"line":7,"column":29}},"5":{"start":{"line":9,"column":8},"end":{"line":14,"column":9}},"6":{"start":{"line":11,"column":12},"end":{"line":13,"column":14}},"7":{"start":{"line":18,"column":22},"end":{"line":26,"column":9}},"8":{"start":{"line":29,"column":8},"end":{"line":34,"column":11}},"9":{"start":{"line":37,"column":8},"end":{"line":37,"column":53}},"10":{"start":{"line":39,"column":8},"end":{"line":39,"column":76}},"11":{"start":{"line":40,"column":8},"end":{"line":40,"column":69}},"12":{"start":{"line":44,"column":0},"end":{"line":45,"column":18}}},"fnMap":{"0":{"name":"(anonymous_0)","decl":{"start":{"line":4,"column":23},"end":{"line":4,"column":24}},"loc":{"start":{"line":4,"column":42},"end":{"line":42,"column":1}},"line":4}},"branchMap":{"0":{"loc":{"start":{"line":9,"column":8},"end":{"line":14,"column":9}},"type":"if","locations":[{"start":{"line":9,"column":8},"end":{"line":14,"column":9}},{"start":{},"end":{}}],"line":9}},"s":{"0":2,"1":2,"2":2,"3":0,"4":0,"5":0,"6":0,"7":0,"8":0,"9":0,"10":0,"11":0,"12":2},"f":{"0":0},"b":{"0":[0,0]},"_coverageSchema":"1a1c01bbd47fc00a2c39e90264f33305004495a9","hash":"02f203e7c00e24732de17bf50f04194a802eb2b9"}
,"/data/data/com.termux/files/home/FullstackApp/FullStack_GenAi_Project/backend/src/controllers/interView.controller.js": {"path":"/data/data/com.termux/files/home/FullstackApp/FullStack_GenAi_Project/backend/src/controllers/interView.controller.js","statementMap":{"0":{"start":{"line":1,"column":21},"end":{"line":1,"column":41}},"1":{"start":{"line":2,"column":17},"end":{"line":2,"column":51}},"2":{"start":{"line":3,"column":29},"end":{"line":3,"column":73}},"3":{"start":{"line":7,"column":4},"end":{"line":7,"column":40}},"4":{"start":{"line":10,"column":4},"end":{"line":64,"column":5}},"5":{"start":{"line":11,"column":8},"end":{"line":13,"column":9}},"6":{"start":{"line":12,"column":12},"end":{"line":12,"column":77}},"7":{"start":{"line":15,"column":30},"end":{"line":15,"column":69}},"8":{"start":{"line":16,"column":27},"end":{"line":16,"column":56}},"9":{"start":{"line":18,"column":8},"end":{"line":22,"column":9}},"10":{"start":{"line":19,"column":12},"end":{"line":21,"column":14}},"11":{"start":{"line":24,"column":27},"end":{"line":24,"column":42}},"12":{"start":{"line":26,"column":52},"end":{"line":26,"column":60}},"13":{"start":{"line":28,"column":8},"end":{"line":30,"column":9}},"14":{"start":{"line":29,"column":12},"end":{"line":29,"column":74}},"15":{"start":{"line":32,"column":25},"end":{"line":36,"column":10}},"16":{"start":{"line":40,"column":32},"end":{"line":46,"column":10}},"17":{"start":{"line":48,"column":8},"end":{"line":50,"column":9}},"18":{"start":{"line":49,"column":12},"end":{"line":49,"column":68}},"19":{"start":{"line":52,"column":8},"end":{"line":56,"column":11}},"20":{"start":{"line":58,"column":8},"end":{"line":58,"column":35}},"21":{"start":{"line":59,"column":8},"end":{"line":63,"column":11}},"22":{"start":{"line":68,"column":28},"end":{"line":68,"column":38}},"23":{"start":{"line":69,"column":4},"end":{"line":71,"column":5}},"24":{"start":{"line":70,"column":8},"end":{"line":70,"column":55}},"25":{"start":{"line":72,"column":28},"end":{"line":74,"column":43}},"26":{"start":{"line":76,"column":4},"end":{"line":78,"column":5}},"27":{"start":{"line":77,"column":8},"end":{"line":77,"column":68}},"28":{"start":{"line":80,"column":4},"end":{"line":84,"column":7}},"29":{"start":{"line":89,"column":4},"end":{"line":91,"column":5}},"30":{"start":{"line":90,"column":8},"end":{"line":90,"column":60}},"31":{"start":{"line":93,"column":29},"end":{"line":97,"column":5}},"32":{"start":{"line":99,"column":4},"end":{"line":101,"column":5}},"33":{"start":{"line":100,"column":8},"end":{"line":100,"column":61}},"34":{"start":{"line":103,"column":4},"end":{"line":107,"column":7}},"35":{"start":{"line":111,"column":28},"end":{"line":111,"column":38}},"36":{"start":{"line":112,"column":4},"end":{"line":114,"column":5}},"37":{"start":{"line":113,"column":8},"end":{"line":113,"column":67}},"38":{"start":{"line":116,"column":28},"end":{"line":116,"column":76}},"39":{"start":{"line":118,"column":4},"end":{"line":120,"column":5}},"40":{"start":{"line":119,"column":8},"end":{"line":119,"column":71}},"41":{"start":{"line":122,"column":60},"end":{"line":122,"column":75}},"42":{"start":{"line":124,"column":21},"end":{"line":128,"column":5}},"43":{"start":{"line":130,"column":4},"end":{"line":132,"column":5}},"44":{"start":{"line":131,"column":8},"end":{"line":131,"column":53}},"45":{"start":{"line":134,"column":4},"end":{"line":137,"column":7}},"46":{"start":{"line":140,"column":0},"end":{"line":145,"column":2}}},"fnMap":{"0":{"name":"interviewController","decl":{"start":{"line":9,"column":15},"end":{"line":9,"column":34}},"loc":{"start":{"line":9,"column":51},"end":{"line":65,"column":1}},"line":9},"1":{"name":"getInterviewByIdController","decl":{"start":{"line":67,"column":15},"end":{"line":67,"column":41}},"loc":{"start":{"line":67,"column":58},"end":{"line":85,"column":1}},"line":67},"2":{"name":"getAllInterViewReportsController","decl":{"start":{"line":87,"column":15},"end":{"line":87,"column":47}},"loc":{"start":{"line":87,"column":64},"end":{"line":108,"column":1}},"line":87},"3":{"name":"generateResumeHtmlController","decl":{"start":{"line":110,"column":15},"end":{"line":110,"column":43}},"loc":{"start":{"line":110,"column":60},"end":{"line":138,"column":1}},"line":110}},"branchMap":{"0":{"loc":{"start":{"line":11,"column":8},"end":{"line":13,"column":9}},"type":"if","locations":[{"start":{"line":11,"column":8},"end":{"line":13,"column":9}},{"start":{},"end":{}}],"line":11},"1":{"loc":{"start":{"line":18,"column":8},"end":{"line":22,"column":9}},"type":"if","locations":[{"start":{"line":18,"column":8},"end":{"line":22,"column":9}},{"start":{},"end":{}}],"line":18},"2":{"loc":{"start":{"line":18,"column":12},"end":{"line":18,"column":41}},"type":"binary-expr","locations":[{"start":{"line":18,"column":12},"end":{"line":18,"column":26}},{"start":{"line":18,"column":30},"end":{"line":18,"column":41}}],"line":18},"3":{"loc":{"start":{"line":28,"column":8},"end":{"line":30,"column":9}},"type":"if","locations":[{"start":{"line":28,"column":8},"end":{"line":30,"column":9}},{"start":{},"end":{}}],"line":28},"4":{"loc":{"start":{"line":48,"column":8},"end":{"line":50,"column":9}},"type":"if","locations":[{"start":{"line":48,"column":8},"end":{"line":50,"column":9}},{"start":{},"end":{}}],"line":48},"5":{"loc":{"start":{"line":69,"column":4},"end":{"line":71,"column":5}},"type":"if","locations":[{"start":{"line":69,"column":4},"end":{"line":71,"column":5}},{"start":{},"end":{}}],"line":69},"6":{"loc":{"start":{"line":76,"column":4},"end":{"line":78,"column":5}},"type":"if","locations":[{"start":{"line":76,"column":4},"end":{"line":78,"column":5}},{"start":{},"end":{}}],"line":76},"7":{"loc":{"start":{"line":89,"column":4},"end":{"line":91,"column":5}},"type":"if","locations":[{"start":{"line":89,"column":4},"end":{"line":91,"column":5}},{"start":{},"end":{}}],"line":89},"8":{"loc":{"start":{"line":99,"column":4},"end":{"line":101,"column":5}},"type":"if","locations":[{"start":{"line":99,"column":4},"end":{"line":101,"column":5}},{"start":{},"end":{}}],"line":99},"9":{"loc":{"start":{"line":112,"column":4},"end":{"line":114,"column":5}},"type":"if","locations":[{"start":{"line":112,"column":4},"end":{"line":114,"column":5}},{"start":{},"end":{}}],"line":112},"10":{"loc":{"start":{"line":118,"column":4},"end":{"line":120,"column":5}},"type":"if","locations":[{"start":{"line":118,"column":4},"end":{"line":120,"column":5}},{"start":{},"end":{}}],"line":118},"11":{"loc":{"start":{"line":130,"column":4},"end":{"line":132,"column":5}},"type":"if","locations":[{"start":{"line":130,"column":4},"end":{"line":132,"column":5}},{"start":{},"end":{}}],"line":130}},"s":{"0":2,"1":2,"2":2,"3":2,"4":1,"5":1,"6":0,"7":1,"8":1,"9":1,"10":0,"11":1,"12":1,"13":1,"14":0,"15":1,"16":1,"17":1,"18":0,"19":1,"20":0,"21":0,"22":0,"23":0,"24":0,"25":0,"26":0,"27":0,"28":0,"29":0,"30":0,"31":0,"32":0,"33":0,"34":0,"35":0,"36":0,"37":0,"38":0,"39":0,"40":0,"41":0,"42":0,"43":0,"44":0,"45":0,"46":2},"f":{"0":1,"1":0,"2":0,"3":0},"b":{"0":[0,1],"1":[0,1],"2":[1,1],"3":[0,1],"4":[0,1],"5":[0,0],"6":[0,0],"7":[0,0],"8":[0,0],"9":[0,0],"10":[0,0],"11":[0,0]},"_coverageSchema":"1a1c01bbd47fc00a2c39e90264f33305004495a9","hash":"42cee6c2d5a8056016e5a1c684eecbcbbd350611"}
,"/data/data/com.termux/files/home/FullstackApp/FullStack_GenAi_Project/backend/src/middleware/auth.middleware.js": {"path":"/data/data/com.termux/files/home/FullstackApp/FullStack_GenAi_Project/backend/src/middleware/auth.middleware.js","statementMap":{"0":{"start":{"line":1,"column":12},"end":{"line":1,"column":35}},"1":{"start":{"line":2,"column":23},"end":{"line":2,"column":61}},"2":{"start":{"line":3,"column":17},"end":{"line":3,"column":51}},"3":{"start":{"line":6,"column":18},"end":{"line":32,"column":1}},"4":{"start":{"line":7,"column":2},"end":{"line":31,"column":3}},"5":{"start":{"line":8,"column":20},"end":{"line":8,"column":31}},"6":{"start":{"line":12,"column":4},"end":{"line":14,"column":5}},"7":{"start":{"line":13,"column":6},"end":{"line":13,"column":53}},"8":{"start":{"line":15,"column":29},"end":{"line":15,"column":66}},"9":{"start":{"line":16,"column":4},"end":{"line":18,"column":5}},"10":{"start":{"line":17,"column":6},"end":{"line":17,"column":59}},"11":{"start":{"line":20,"column":19},"end":{"line":20,"column":65}},"12":{"start":{"line":22,"column":4},"end":{"line":24,"column":5}},"13":{"start":{"line":23,"column":6},"end":{"line":23,"column":54}},"14":{"start":{"line":25,"column":4},"end":{"line":25,"column":22}},"15":{"start":{"line":26,"column":4},"end":{"line":26,"column":11}},"16":{"start":{"line":29,"column":4},"end":{"line":29,"column":46}},"17":{"start":{"line":34,"column":0},"end":{"line":34,"column":27}}},"fnMap":{"0":{"name":"(anonymous_0)","decl":{"start":{"line":6,"column":18},"end":{"line":6,"column":19}},"loc":{"start":{"line":6,"column":42},"end":{"line":32,"column":1}},"line":6}},"branchMap":{"0":{"loc":{"start":{"line":12,"column":4},"end":{"line":14,"column":5}},"type":"if","locations":[{"start":{"line":12,"column":4},"end":{"line":14,"column":5}},{"start":{},"end":{}}],"line":12},"1":{"loc":{"start":{"line":16,"column":4},"end":{"line":18,"column":5}},"type":"if","locations":[{"start":{"line":16,"column":4},"end":{"line":18,"column":5}},{"start":{},"end":{}}],"line":16},"2":{"loc":{"start":{"line":22,"column":4},"end":{"line":24,"column":5}},"type":"if","locations":[{"start":{"line":22,"column":4},"end":{"line":24,"column":5}},{"start":{},"end":{}}],"line":22}},"s":{"0":2,"1":2,"2":2,"3":2,"4":2,"5":2,"6":2,"7":1,"8":1,"9":1,"10":0,"11":1,"12":1,"13":0,"14":1,"15":1,"16":0,"17":2},"f":{"0":2},"b":{"0":[1,1],"1":[0,1],"2":[0,1]},"_coverageSchema":"1a1c01bbd47fc00a2c39e90264f33305004495a9","hash":"39f6cdc2250f8f6721045447a151ef2f9285626b"}
,"/data/data/com.termux/files/home/FullstackApp/FullStack_GenAi_Project/backend/src/middleware/error.middleware.js": {"path":"/data/data/com.termux/files/home/FullstackApp/FullStack_GenAi_Project/backend/src/middleware/error.middleware.js","statementMap":{"0":{"start":{"line":3,"column":2},"end":{"line":3,"column":41}},"1":{"start":{"line":4,"column":2},"end":{"line":4,"column":54}},"2":{"start":{"line":6,"column":2},"end":{"line":10,"column":5}},"3":{"start":{"line":13,"column":0},"end":{"line":13,"column":31}}},"fnMap":{"0":{"name":"errMiddleware","decl":{"start":{"line":1,"column":10},"end":{"line":1,"column":23}},"loc":{"start":{"line":1,"column":42},"end":{"line":11,"column":1}},"line":1}},"branchMap":{"0":{"loc":{"start":{"line":3,"column":19},"end":{"line":3,"column":40}},"type":"binary-expr","locations":[{"start":{"line":3,"column":19},"end":{"line":3,"column":33}},{"start":{"line":3,"column":37},"end":{"line":3,"column":40}}],"line":3},"1":{"loc":{"start":{"line":4,"column":16},"end":{"line":4,"column":53}},"type":"binary-expr","locations":[{"start":{"line":4,"column":16},"end":{"line":4,"column":27}},{"start":{"line":4,"column":31},"end":{"line":4,"column":53}}],"line":4}},"s":{"0":4,"1":4,"2":4,"3":2},"f":{"0":4},"b":{"0":[4,0],"1":[4,0]},"_coverageSchema":"1a1c01bbd47fc00a2c39e90264f33305004495a9","hash":"a3aa0673a2c7867a63e58315677a0238d350895b"}
,"/data/data/com.termux/files/home/FullstackApp/FullStack_GenAi_Project/backend/src/middleware/file.middleware.js": {"path":"/data/data/com.termux/files/home/FullstackApp/FullStack_GenAi_Project/backend/src/middleware/file.middleware.js","statementMap":{"0":{"start":{"line":1,"column":15},"end":{"line":1,"column":32}},"1":{"start":{"line":4,"column":15},"end":{"line":9,"column":2}},"2":{"start":{"line":12,"column":0},"end":{"line":12,"column":24}}},"fnMap":{},"branchMap":{},"s":{"0":2,"1":2,"2":2},"f":{},"b":{},"_coverageSchema":"1a1c01bbd47fc00a2c39e90264f33305004495a9","hash":"e6030dabda08876d22d675919fc19bb9bea78215"}
,"/data/data/com.termux/files/home/FullstackApp/FullStack_GenAi_Project/backend/src/middleware/rateLimiter.middleware.js": {"path":"/data/data/com.termux/files/home/FullstackApp/FullStack_GenAi_Project/backend/src/middleware/rateLimiter.middleware.js","statementMap":{"0":{"start":{"line":1,"column":18},"end":{"line":1,"column":47}},"1":{"start":{"line":5,"column":20},"end":{"line":13,"column":2}},"2":{"start":{"line":17,"column":19},"end":{"line":25,"column":2}},"3":{"start":{"line":28,"column":0},"end":{"line":31,"column":2}}},"fnMap":{},"branchMap":{},"s":{"0":2,"1":2,"2":2,"3":2},"f":{},"b":{},"_coverageSchema":"1a1c01bbd47fc00a2c39e90264f33305004495a9","hash":"e746acde67584b2659527e87774a811497f1cb0e"}
,"/data/data/com.termux/files/home/FullstackApp/FullStack_GenAi_Project/backend/src/model/auth.model.js": {"path":"/data/data/com.termux/files/home/FullstackApp/FullStack_GenAi_Project/backend/src/model/auth.model.js","statementMap":{"0":{"start":{"line":1,"column":17},"end":{"line":1,"column":36}},"1":{"start":{"line":3,"column":19},"end":{"line":48,"column":1}},"2":{"start":{"line":43,"column":16},"end":{"line":43,"column":53}},"3":{"start":{"line":50,"column":18},"end":{"line":50,"column":66}},"4":{"start":{"line":52,"column":0},"end":{"line":52,"column":27}}},"fnMap":{"0":{"name":"(anonymous_0)","decl":{"start":{"line":42,"column":22},"end":{"line":42,"column":23}},"loc":{"start":{"line":42,"column":34},"end":{"line":44,"column":13}},"line":42}},"branchMap":{},"s":{"0":2,"1":2,"2":3,"3":2,"4":2},"f":{"0":3},"b":{},"_coverageSchema":"1a1c01bbd47fc00a2c39e90264f33305004495a9","hash":"568a7136cb007d665d06f53b7565c98b144cb426"}
,"/data/data/com.termux/files/home/FullstackApp/FullStack_GenAi_Project/backend/src/model/blacklist.model.js": {"path":"/data/data/com.termux/files/home/FullstackApp/FullStack_GenAi_Project/backend/src/model/blacklist.model.js","statementMap":{"0":{"start":{"line":1,"column":17},"end":{"line":1,"column":36}},"1":{"start":{"line":4,"column":29},"end":{"line":9,"column":20}},"2":{"start":{"line":11,"column":23},"end":{"line":11,"column":92}},"3":{"start":{"line":14,"column":0},"end":{"line":14,"column":32}}},"fnMap":{},"branchMap":{},"s":{"0":2,"1":2,"2":2,"3":2},"f":{},"b":{},"_coverageSchema":"1a1c01bbd47fc00a2c39e90264f33305004495a9","hash":"619fe6111a1201cfb8177b75acf64f044354df1f"}
,"/data/data/com.termux/files/home/FullstackApp/FullStack_GenAi_Project/backend/src/model/interViewReport.model.js": {"path":"/data/data/com.termux/files/home/FullstackApp/FullStack_GenAi_Project/backend/src/model/interViewReport.model.js","statementMap":{"0":{"start":{"line":1,"column":17},"end":{"line":1,"column":36}},"1":{"start":{"line":3,"column":0},"end":{"line":3,"column":34}},"2":{"start":{"line":6,"column":32},"end":{"line":19,"column":14}},"3":{"start":{"line":20,"column":32},"end":{"line":33,"column":14}},"4":{"start":{"line":34,"column":22},"end":{"line":43,"column":14}},"5":{"start":{"line":44,"column":30},"end":{"line":57,"column":14}},"6":{"start":{"line":60,"column":30},"end":{"line":101,"column":20}},"7":{"start":{"line":103,"column":29},"end":{"line":103,"column":89}},"8":{"start":{"line":107,"column":0},"end":{"line":107,"column":38}}},"fnMap":{},"branchMap":{},"s":{"0":2,"1":2,"2":2,"3":2,"4":2,"5":2,"6":2,"7":2,"8":2},"f":{},"b":{},"_coverageSchema":"1a1c01bbd47fc00a2c39e90264f33305004495a9","hash":"edac907e413c6bb69130c908a035c31dfee1a130"}
,"/data/data/com.termux/files/home/FullstackApp/FullStack_GenAi_Project/backend/src/routes/ai.routes.js": {"path":"/data/data/com.termux/files/home/FullstackApp/FullStack_GenAi_Project/backend/src/routes/ai.routes.js","statementMap":{"0":{"start":{"line":1,"column":16},"end":{"line":1,"column":34}},"1":{"start":{"line":2,"column":18},"end":{"line":2,"column":61}},"2":{"start":{"line":8,"column":4},"end":{"line":8,"column":53}},"3":{"start":{"line":9,"column":15},"end":{"line":9,"column":58}},"4":{"start":{"line":10,"column":23},"end":{"line":10,"column":73}},"5":{"start":{"line":12,"column":24},"end":{"line":12,"column":40}},"6":{"start":{"line":14,"column":0},"end":{"line":20,"column":2}},"7":{"start":{"line":21,"column":0},"end":{"line":26,"column":2}},"8":{"start":{"line":27,"column":0},"end":{"line":32,"column":2}},"9":{"start":{"line":33,"column":0},"end":{"line":38,"column":2}},"10":{"start":{"line":40,"column":0},"end":{"line":40,"column":33}}},"fnMap":{},"branchMap":{},"s":{"0":2,"1":2,"2":2,"3":2,"4":2,"5":2,"6":2,"7":2,"8":2,"9":2,"10":2},"f":{},"b":{},"_coverageSchema":"1a1c01bbd47fc00a2c39e90264f33305004495a9","hash":"ad5b26f9673db01510c7f3b622df1d13af06b110"}
,"/data/data/com.termux/files/home/FullstackApp/FullStack_GenAi_Project/backend/src/routes/auth.routes.js": {"path":"/data/data/com.termux/files/home/FullstackApp/FullStack_GenAi_Project/backend/src/routes/auth.routes.js","statementMap":{"0":{"start":{"line":1,"column":16},"end":{"line":1,"column":34}},"1":{"start":{"line":3,"column":23},"end":{"line":3,"column":67}},"2":{"start":{"line":4,"column":18},"end":{"line":4,"column":61}},"3":{"start":{"line":5,"column":22},"end":{"line":5,"column":72}},"4":{"start":{"line":8,"column":15},"end":{"line":8,"column":31}},"5":{"start":{"line":11,"column":0},"end":{"line":11,"column":71}},"6":{"start":{"line":12,"column":0},"end":{"line":12,"column":65}},"7":{"start":{"line":13,"column":0},"end":{"line":13,"column":62}},"8":{"start":{"line":14,"column":0},"end":{"line":14,"column":64}},"9":{"start":{"line":16,"column":0},"end":{"line":16,"column":24}}},"fnMap":{},"branchMap":{},"s":{"0":2,"1":2,"2":2,"3":2,"4":2,"5":2,"6":2,"7":2,"8":2,"9":2},"f":{},"b":{},"_coverageSchema":"1a1c01bbd47fc00a2c39e90264f33305004495a9","hash":"7afa97db21ae3f23f2a960eb0f7ac637569de6c5"}
,"/data/data/com.termux/files/home/FullstackApp/FullStack_GenAi_Project/backend/src/routes/googleAuth.routes.js": {"path":"/data/data/com.termux/files/home/FullstackApp/FullStack_GenAi_Project/backend/src/routes/googleAuth.routes.js","statementMap":{"0":{"start":{"line":1,"column":16},"end":{"line":1,"column":34}},"1":{"start":{"line":2,"column":17},"end":{"line":2,"column":36}},"2":{"start":{"line":3,"column":23},"end":{"line":3,"column":73}},"3":{"start":{"line":4,"column":22},"end":{"line":4,"column":72}},"4":{"start":{"line":8,"column":21},"end":{"line":8,"column":37}},"5":{"start":{"line":14,"column":0},"end":{"line":19,"column":2}},"6":{"start":{"line":25,"column":0},"end":{"line":33,"column":2}},"7":{"start":{"line":35,"column":0},"end":{"line":35,"column":30}}},"fnMap":{},"branchMap":{},"s":{"0":2,"1":2,"2":2,"3":2,"4":2,"5":2,"6":2,"7":2},"f":{},"b":{},"_coverageSchema":"1a1c01bbd47fc00a2c39e90264f33305004495a9","hash":"fcaff9a5f61fb66bf845022f00d1e2d2ec8e14cb"}
,"/data/data/com.termux/files/home/FullstackApp/FullStack_GenAi_Project/backend/src/services/ai.service.js": {"path":"/data/data/com.termux/files/home/FullstackApp/FullStack_GenAi_Project/backend/src/services/ai.service.js","statementMap":{"0":{"start":{"line":1,"column":24},"end":{"line":1,"column":48}},"1":{"start":{"line":2,"column":14},"end":{"line":2,"column":28}},"2":{"start":{"line":3,"column":17},"end":{"line":3,"column":51}},"3":{"start":{"line":5,"column":30},"end":{"line":35,"column":2}},"4":{"start":{"line":42,"column":15},"end":{"line":42,"column":70}},"5":{"start":{"line":43,"column":19},"end":{"line":98,"column":1}},"6":{"start":{"line":100,"column":4},"end":{"line":170,"column":5}},"7":{"start":{"line":101,"column":25},"end":{"line":107,"column":10}},"8":{"start":{"line":109,"column":24},"end":{"line":112,"column":19}},"9":{"start":{"line":114,"column":27},"end":{"line":114,"column":46}},"10":{"start":{"line":117,"column":30},"end":{"line":157,"column":9}},"11":{"start":{"line":125,"column":22},"end":{"line":129,"column":17}},"12":{"start":{"line":133,"column":22},"end":{"line":137,"column":17}},"13":{"start":{"line":140,"column":62},"end":{"line":145,"column":13}},"14":{"start":{"line":148,"column":34},"end":{"line":155,"column":17}},"15":{"start":{"line":153,"column":50},"end":{"line":153,"column":59}},"16":{"start":{"line":159,"column":30},"end":{"line":159,"column":76}},"17":{"start":{"line":161,"column":8},"end":{"line":164,"column":9}},"18":{"start":{"line":162,"column":12},"end":{"line":162,"column":78}},"19":{"start":{"line":163,"column":12},"end":{"line":163,"column":61}},"20":{"start":{"line":166,"column":8},"end":{"line":166,"column":34}},"21":{"start":{"line":169,"column":8},"end":{"line":169,"column":18}},"22":{"start":{"line":174,"column":19},"end":{"line":269,"column":1}},"23":{"start":{"line":270,"column":4},"end":{"line":285,"column":5}},"24":{"start":{"line":271,"column":25},"end":{"line":274,"column":10}},"25":{"start":{"line":276,"column":19},"end":{"line":276,"column":37}},"26":{"start":{"line":277,"column":8},"end":{"line":280,"column":20}},"27":{"start":{"line":281,"column":8},"end":{"line":281,"column":20}},"28":{"start":{"line":283,"column":8},"end":{"line":283,"column":62}},"29":{"start":{"line":284,"column":8},"end":{"line":284,"column":58}},"30":{"start":{"line":288,"column":0},"end":{"line":288,"column":65}}},"fnMap":{"0":{"name":"GenerateInterviewReport","decl":{"start":{"line":37,"column":15},"end":{"line":37,"column":38}},"loc":{"start":{"line":41,"column":3},"end":{"line":171,"column":1}},"line":41},"1":{"name":"(anonymous_1)","decl":{"start":{"line":125,"column":16},"end":{"line":125,"column":17}},"loc":{"start":{"line":125,"column":22},"end":{"line":129,"column":17}},"line":125},"2":{"name":"(anonymous_2)","decl":{"start":{"line":133,"column":16},"end":{"line":133,"column":17}},"loc":{"start":{"line":133,"column":22},"end":{"line":137,"column":17}},"line":133},"3":{"name":"(anonymous_3)","decl":{"start":{"line":140,"column":56},"end":{"line":140,"column":57}},"loc":{"start":{"line":140,"column":62},"end":{"line":145,"column":13}},"line":140},"4":{"name":"(anonymous_4)","decl":{"start":{"line":148,"column":16},"end":{"line":148,"column":17}},"loc":{"start":{"line":148,"column":34},"end":{"line":155,"column":17}},"line":148},"5":{"name":"(anonymous_5)","decl":{"start":{"line":153,"column":45},"end":{"line":153,"column":46}},"loc":{"start":{"line":153,"column":50},"end":{"line":153,"column":59}},"line":153},"6":{"name":"generateResumeHTML","decl":{"start":{"line":173,"column":15},"end":{"line":173,"column":33}},"loc":{"start":{"line":173,"column":73},"end":{"line":286,"column":1}},"line":173}},"branchMap":{"0":{"loc":{"start":{"line":118,"column":19},"end":{"line":118,"column":79}},"type":"cond-expr","locations":[{"start":{"line":118,"column":58},"end":{"line":118,"column":74}},{"start":{"line":118,"column":77},"end":{"line":118,"column":79}}],"line":118},"1":{"loc":{"start":{"line":120,"column":16},"end":{"line":122,"column":24}},"type":"cond-expr","locations":[{"start":{"line":121,"column":22},"end":{"line":121,"column":43}},{"start":{"line":122,"column":22},"end":{"line":122,"column":24}}],"line":120},"2":{"loc":{"start":{"line":124,"column":33},"end":{"line":124,"column":68}},"type":"binary-expr","locations":[{"start":{"line":124,"column":33},"end":{"line":124,"column":62}},{"start":{"line":124,"column":66},"end":{"line":124,"column":68}}],"line":124},"3":{"loc":{"start":{"line":126,"column":30},"end":{"line":126,"column":46}},"type":"binary-expr","locations":[{"start":{"line":126,"column":30},"end":{"line":126,"column":40}},{"start":{"line":126,"column":44},"end":{"line":126,"column":46}}],"line":126},"4":{"loc":{"start":{"line":127,"column":31},"end":{"line":127,"column":76}},"type":"binary-expr","locations":[{"start":{"line":127,"column":31},"end":{"line":127,"column":42}},{"start":{"line":127,"column":46},"end":{"line":127,"column":76}}],"line":127},"5":{"loc":{"start":{"line":128,"column":28},"end":{"line":128,"column":74}},"type":"binary-expr","locations":[{"start":{"line":128,"column":28},"end":{"line":128,"column":36}},{"start":{"line":128,"column":40},"end":{"line":128,"column":74}}],"line":128},"6":{"loc":{"start":{"line":132,"column":34},"end":{"line":132,"column":70}},"type":"binary-expr","locations":[{"start":{"line":132,"column":34},"end":{"line":132,"column":64}},{"start":{"line":132,"column":68},"end":{"line":132,"column":70}}],"line":132},"7":{"loc":{"start":{"line":134,"column":30},"end":{"line":134,"column":46}},"type":"binary-expr","locations":[{"start":{"line":134,"column":30},"end":{"line":134,"column":40}},{"start":{"line":134,"column":44},"end":{"line":134,"column":46}}],"line":134},"8":{"loc":{"start":{"line":135,"column":31},"end":{"line":135,"column":77}},"type":"binary-expr","locations":[{"start":{"line":135,"column":31},"end":{"line":135,"column":42}},{"start":{"line":135,"column":46},"end":{"line":135,"column":77}}],"line":135},"9":{"loc":{"start":{"line":136,"column":28},"end":{"line":136,"column":74}},"type":"binary-expr","locations":[{"start":{"line":136,"column":28},"end":{"line":136,"column":36}},{"start":{"line":136,"column":40},"end":{"line":136,"column":74}}],"line":136},"10":{"loc":{"start":{"line":140,"column":24},"end":{"line":140,"column":50}},"type":"binary-expr","locations":[{"start":{"line":140,"column":24},"end":{"line":140,"column":44}},{"start":{"line":140,"column":48},"end":{"line":140,"column":50}}],"line":140},"11":{"loc":{"start":{"line":141,"column":23},"end":{"line":141,"column":36}},"type":"binary-expr","locations":[{"start":{"line":141,"column":23},"end":{"line":141,"column":30}},{"start":{"line":141,"column":34},"end":{"line":141,"column":36}}],"line":141},"12":{"loc":{"start":{"line":142,"column":26},"end":{"line":144,"column":30}},"type":"cond-expr","locations":[{"start":{"line":143,"column":22},"end":{"line":143,"column":32}},{"start":{"line":144,"column":22},"end":{"line":144,"column":30}}],"line":142},"13":{"loc":{"start":{"line":147,"column":30},"end":{"line":147,"column":62}},"type":"binary-expr","locations":[{"start":{"line":147,"column":30},"end":{"line":147,"column":56}},{"start":{"line":147,"column":60},"end":{"line":147,"column":62}}],"line":147},"14":{"loc":{"start":{"line":150,"column":27},"end":{"line":150,"column":54}},"type":"binary-expr","locations":[{"start":{"line":150,"column":27},"end":{"line":150,"column":37}},{"start":{"line":150,"column":41},"end":{"line":150,"column":54}}],"line":150},"15":{"loc":{"start":{"line":152,"column":24},"end":{"line":154,"column":53}},"type":"cond-expr","locations":[{"start":{"line":153,"column":30},"end":{"line":153,"column":60}},{"start":{"line":154,"column":30},"end":{"line":154,"column":53}}],"line":152},"16":{"loc":{"start":{"line":152,"column":24},"end":{"line":152,"column":74}},"type":"binary-expr","locations":[{"start":{"line":152,"column":24},"end":{"line":152,"column":49}},{"start":{"line":152,"column":53},"end":{"line":152,"column":74}}],"line":152},"17":{"loc":{"start":{"line":161,"column":8},"end":{"line":164,"column":9}},"type":"if","locations":[{"start":{"line":161,"column":8},"end":{"line":164,"column":9}},{"start":{},"end":{}}],"line":161}},"s":{"0":2,"1":2,"2":2,"3":2,"4":1,"5":1,"6":1,"7":1,"8":1,"9":1,"10":1,"11":0,"12":0,"13":0,"14":0,"15":0,"16":1,"17":1,"18":0,"19":0,"20":1,"21":0,"22":0,"23":0,"24":0,"25":0,"26":0,"27":0,"28":0,"29":0,"30":2},"f":{"0":1,"1":0,"2":0,"3":0,"4":0,"5":0,"6":0},"b":{"0":[0,1],"1":[1,0],"2":[1,1],"3":[0,0],"4":[0,0],"5":[0,0],"6":[1,1],"7":[0,0],"8":[0,0],"9":[0,0],"10":[1,1],"11":[0,0],"12":[0,0],"13":[1,1],"14":[0,0],"15":[0,0],"16":[0,0],"17":[0,1]},"_coverageSchema":"1a1c01bbd47fc00a2c39e90264f33305004495a9","hash":"2aec1c825a8155bf128c834c7a4e0690094a1894"}
,"/data/data/com.termux/files/home/FullstackApp/FullStack_GenAi_Project/backend/src/utils/error.utils.js": {"path":"/data/data/com.termux/files/home/FullstackApp/FullStack_GenAi_Project/backend/src/utils/error.utils.js","statementMap":{"0":{"start":{"line":3,"column":4},"end":{"line":3,"column":19}},"1":{"start":{"line":4,"column":4},"end":{"line":4,"column":33}},"2":{"start":{"line":7,"column":4},"end":{"line":7,"column":51}},"3":{"start":{"line":11,"column":0},"end":{"line":11,"column":26}}},"fnMap":{"0":{"name":"(anonymous_0)","decl":{"start":{"line":2,"column":2},"end":{"line":2,"column":3}},"loc":{"start":{"line":2,"column":34},"end":{"line":8,"column":3}},"line":2}},"branchMap":{},"s":{"0":4,"1":4,"2":4,"3":2},"f":{"0":4},"b":{},"_coverageSchema":"1a1c01bbd47fc00a2c39e90264f33305004495a9","hash":"cf4a427e7367e5fd58d3de124fd1405dd966d139"}
}
