TN:
SF:src/app.js
FN:44,(anonymous_0)
FNF:1
FNH:0
FNDA:0,(anonymous_0)
DA:2,2
DA:3,2
DA:4,2
DA:5,2
DA:6,2
DA:7,2
DA:8,2
DA:11,2
DA:12,2
DA:13,2
DA:14,2
DA:17,2
DA:19,2
DA:23,2
DA:24,2
DA:25,2
DA:26,2
DA:27,2
DA:28,2
DA:37,2
DA:40,2
DA:41,2
DA:42,2
DA:44,2
DA:45,0
DA:48,2
DA:50,2
LF:27
LH:26
BRDA:30,0,0,2
BRDA:30,0,1,0
BRF:2
BRH:1
end_of_record
TN:
SF:src/__test__/setup/db.js
FN:8,(anonymous_0)
FN:13,(anonymous_1)
FN:21,(anonymous_2)
FNF:3
FNH:3
FNDA:2,(anonymous_0)
FNDA:2,(anonymous_1)
FNDA:23,(anonymous_2)
DA:1,2
DA:2,2
DA:6,2
DA:8,2
DA:10,2
DA:13,2
DA:15,2
DA:16,2
DA:17,2
DA:21,2
DA:23,23
DA:24,23
DA:25,23
DA:26,69
DA:27,69
LF:15
LH:15
BRDA:15,0,0,2
BRDA:15,0,1,0
BRDA:23,1,0,23
BRDA:23,1,1,0
BRF:4
BRH:2
end_of_record
TN:
SF:src/config/passport.js
FN:13,(anonymous_0)
FNF:1
FNH:0
FNDA:0,(anonymous_0)
DA:1,2
DA:2,2
DA:3,2
DA:4,2
DA:6,2
DA:14,0
DA:17,0
DA:20,0
DA:22,0
DA:24,0
DA:28,0
DA:30,0
DA:32,0
DA:35,0
DA:36,0
DA:39,0
DA:40,0
DA:44,0
DA:54,0
DA:56,0
DA:57,0
LF:21
LH:5
BRDA:22,0,0,0
BRDA:22,0,1,0
BRDA:30,1,0,0
BRDA:30,1,1,0
BRDA:35,2,0,0
BRDA:35,2,1,0
BRDA:35,3,0,0
BRDA:35,3,1,0
BRDA:45,4,0,0
BRDA:45,4,1,0
BRDA:46,5,0,0
BRDA:46,5,1,0
BRF:12
BRH:0
end_of_record
TN:
SF:src/controllers/auth.controller.js
FN:8,register_controller
FN:59,login_controller
FN:119,getMe_controller
FN:150,logout_controller
FNF:4
FNH:4
FNDA:16,register_controller
FNDA:12,login_controller
FNDA:4,getMe_controller
FNDA:2,logout_controller
DA:1,2
DA:2,2
DA:3,2
DA:4,2
DA:5,2
DA:6,2
DA:9,16
DA:10,16
DA:12,16
DA:13,1
DA:15,15
DA:16,15
DA:17,2
DA:19,13
DA:21,13
DA:27,12
DA:28,1
DA:30,11
DA:32,11
DA:41,11
DA:45,11
DA:55,1
DA:60,12
DA:62,12
DA:63,1
DA:65,11
DA:66,11
DA:68,10
DA:69,3
DA:71,7
DA:72,1
DA:79,6
DA:84,6
DA:85,1
DA:88,5
DA:90,5
DA:99,5
DA:105,5
DA:115,1
DA:120,4
DA:122,4
DA:124,4
DA:125,1
DA:128,3
DA:132,2
DA:133,1
DA:136,1
DA:146,1
DA:152,2
DA:153,2
DA:154,2
DA:155,1
DA:156,1
DA:161,1
DA:166,2
LF:55
LH:55
BRDA:12,0,0,1
BRDA:12,0,1,15
BRDA:12,1,0,16
BRDA:12,1,1,15
BRDA:12,1,2,15
BRDA:12,1,3,15
BRDA:16,2,0,2
BRDA:16,2,1,13
BRDA:27,3,0,1
BRDA:27,3,1,11
BRDA:62,4,0,1
BRDA:62,4,1,11
BRDA:62,5,0,12
BRDA:62,5,1,12
BRDA:68,6,0,3
BRDA:68,6,1,7
BRDA:71,7,0,1
BRDA:71,7,1,6
BRDA:84,8,0,1
BRDA:84,8,1,5
BRDA:124,9,0,1
BRDA:124,9,1,3
BRDA:132,10,0,1
BRDA:132,10,1,1
BRF:24
BRH:24
end_of_record
TN:
SF:src/controllers/googleAuth.controller.js
FN:4,(anonymous_0)
FNF:1
FNH:0
FNDA:0,(anonymous_0)
DA:1,3
DA:2,3
DA:4,3
DA:5,0
DA:7,0
DA:9,0
DA:11,0
DA:18,0
DA:29,0
DA:37,0
DA:39,0
DA:40,0
DA:44,3
LF:13
LH:4
BRDA:9,0,0,0
BRDA:9,0,1,0
BRF:2
BRH:0
end_of_record
TN:
SF:src/controllers/interView.controller.js
FN:9,interviewController
FN:67,getInterviewByIdController
FN:87,getAllInterViewReportsController
FN:110,generateResumeHtmlController
FNF:4
FNH:1
FNDA:0,interviewController
FNDA:0,getInterviewByIdController
FNDA:1,getAllInterViewReportsController
FNDA:0,generateResumeHtmlController
DA:1,2
DA:2,2
DA:3,2
DA:7,2
DA:10,0
DA:11,0
DA:12,0
DA:15,0
DA:16,0
DA:18,0
DA:19,0
DA:24,0
DA:26,0
DA:28,0
DA:29,0
DA:32,0
DA:40,0
DA:48,0
DA:49,0
DA:52,0
DA:58,0
DA:59,0
DA:68,0
DA:69,0
DA:70,0
DA:72,0
DA:76,0
DA:77,0
DA:80,0
DA:89,1
DA:90,0
DA:93,1
DA:99,1
DA:100,0
DA:103,1
DA:111,0
DA:112,0
DA:113,0
DA:116,0
DA:118,0
DA:119,0
DA:122,0
DA:124,0
DA:130,0
DA:131,0
DA:134,0
DA:140,2
LF:47
LH:9
BRDA:11,0,0,0
BRDA:11,0,1,0
BRDA:18,1,0,0
BRDA:18,1,1,0
BRDA:18,2,0,0
BRDA:18,2,1,0
BRDA:28,3,0,0
BRDA:28,3,1,0
BRDA:48,4,0,0
BRDA:48,4,1,0
BRDA:69,5,0,0
BRDA:69,5,1,0
BRDA:76,6,0,0
BRDA:76,6,1,0
BRDA:89,7,0,0
BRDA:89,7,1,1
BRDA:99,8,0,0
BRDA:99,8,1,1
BRDA:112,9,0,0
BRDA:112,9,1,0
BRDA:118,10,0,0
BRDA:118,10,1,0
BRDA:130,11,0,0
BRDA:130,11,1,0
BRF:24
BRH:2
end_of_record
TN:
SF:src/middleware/auth.middleware.js
FN:6,(anonymous_0)
FNF:1
FNH:1
FNDA:11,(anonymous_0)
DA:1,2
DA:2,2
DA:3,2
DA:6,2
DA:7,11
DA:8,11
DA:12,11
DA:13,4
DA:15,7
DA:16,7
DA:17,0
DA:20,7
DA:22,7
DA:23,0
DA:25,7
DA:26,7
DA:29,0
DA:34,2
LF:18
LH:15
BRDA:12,0,0,4
BRDA:12,0,1,7
BRDA:16,1,0,0
BRDA:16,1,1,7
BRDA:22,2,0,0
BRDA:22,2,1,7
BRF:6
BRH:4
end_of_record
TN:
SF:src/middleware/error.middleware.js
FN:1,errMiddleware
FNF:1
FNH:1
FNDA:20,errMiddleware
DA:3,20
DA:4,20
DA:6,20
DA:13,2
LF:4
LH:4
BRDA:3,0,0,20
BRDA:3,0,1,0
BRDA:4,1,0,20
BRDA:4,1,1,0
BRF:4
BRH:2
end_of_record
TN:
SF:src/middleware/file.middleware.js
FNF:0
FNH:0
DA:1,2
DA:4,2
DA:12,2
LF:3
LH:3
BRF:0
BRH:0
end_of_record
TN:
SF:src/middleware/rateLimiter.middleware.js
FNF:0
FNH:0
DA:1,2
DA:5,2
DA:17,2
DA:28,2
LF:4
LH:4
BRF:0
BRH:0
end_of_record
TN:
SF:src/model/auth.model.js
FN:42,(anonymous_0)
FNF:1
FNH:1
FNDA:11,(anonymous_0)
DA:1,2
DA:3,2
DA:43,11
DA:50,2
DA:52,2
LF:5
LH:5
BRF:0
BRH:0
end_of_record
TN:
SF:src/model/blacklist.model.js
FNF:0
FNH:0
DA:1,2
DA:4,2
DA:11,2
DA:14,2
LF:4
LH:4
BRF:0
BRH:0
end_of_record
TN:
SF:src/model/interViewReport.model.js
FNF:0
FNH:0
DA:1,2
DA:3,2
DA:6,2
DA:20,2
DA:34,2
DA:44,2
DA:60,2
DA:103,2
DA:107,2
LF:9
LH:9
BRF:0
BRH:0
end_of_record
TN:
SF:src/routes/ai.routes.js
FNF:0
FNH:0
DA:1,2
DA:2,2
DA:8,2
DA:9,2
DA:10,2
DA:12,2
DA:14,2
DA:21,2
DA:27,2
DA:33,2
DA:40,2
LF:11
LH:11
BRF:0
BRH:0
end_of_record
TN:
SF:src/routes/auth.routes.js
FNF:0
FNH:0
DA:1,2
DA:3,2
DA:4,2
DA:5,2
DA:8,2
DA:11,2
DA:12,2
DA:13,2
DA:14,2
DA:16,2
LF:10
LH:10
BRF:0
BRH:0
end_of_record
TN:
SF:src/routes/googleAuth.routes.js
FNF:0
FNH:0
DA:1,2
DA:2,2
DA:3,2
DA:4,2
DA:8,2
DA:14,2
DA:25,2
DA:35,2
LF:8
LH:8
BRF:0
BRH:0
end_of_record
TN:
SF:src/services/ai.service.js
FN:37,GenerateInterviewReport
FN:125,(anonymous_1)
FN:133,(anonymous_2)
FN:140,(anonymous_3)
FN:148,(anonymous_4)
FN:153,(anonymous_5)
FN:173,generateResumeHTML
FNF:7
FNH:0
FNDA:0,GenerateInterviewReport
FNDA:0,(anonymous_1)
FNDA:0,(anonymous_2)
FNDA:0,(anonymous_3)
FNDA:0,(anonymous_4)
FNDA:0,(anonymous_5)
FNDA:0,generateResumeHTML
DA:1,2
DA:2,2
DA:3,2
DA:5,2
DA:42,0
DA:43,0
DA:100,0
DA:101,0
DA:109,0
DA:114,0
DA:117,0
DA:125,0
DA:133,0
DA:140,0
DA:148,0
DA:153,0
DA:159,0
DA:161,0
DA:162,0
DA:163,0
DA:166,0
DA:169,0
DA:174,0
DA:270,0
DA:271,0
DA:276,0
DA:277,0
DA:281,0
DA:283,0
DA:284,0
DA:288,2
LF:31
LH:5
BRDA:118,0,0,0
BRDA:118,0,1,0
BRDA:120,1,0,0
BRDA:120,1,1,0
BRDA:124,2,0,0
BRDA:124,2,1,0
BRDA:126,3,0,0
BRDA:126,3,1,0
BRDA:127,4,0,0
BRDA:127,4,1,0
BRDA:128,5,0,0
BRDA:128,5,1,0
BRDA:132,6,0,0
BRDA:132,6,1,0
BRDA:134,7,0,0
BRDA:134,7,1,0
BRDA:135,8,0,0
BRDA:135,8,1,0
BRDA:136,9,0,0
BRDA:136,9,1,0
BRDA:140,10,0,0
BRDA:140,10,1,0
BRDA:141,11,0,0
BRDA:141,11,1,0
BRDA:142,12,0,0
BRDA:142,12,1,0
BRDA:147,13,0,0
BRDA:147,13,1,0
BRDA:150,14,0,0
BRDA:150,14,1,0
BRDA:152,15,0,0
BRDA:152,15,1,0
BRDA:152,16,0,0
BRDA:152,16,1,0
BRDA:161,17,0,0
BRDA:161,17,1,0
BRF:36
BRH:0
end_of_record
TN:
SF:src/utils/error.utils.js
FN:2,(anonymous_0)
FNF:1
FNH:1
FNDA:20,(anonymous_0)
DA:3,20
DA:4,20
DA:7,20
DA:11,3
LF:4
LH:4
BRF:0
BRH:0
end_of_record
